This is pdfeTeX, Version 3.141592-1.21a-2.2 (MiKTeX 2.4) (preloaded format=latex 2007.4.11)  12 APR 2007 11:27
entering extended mode
**D:/Textes/Cours/math3820/math3820_slides_summary.tex
(D:/Textes/Cours/math3820/math3820_slides_summary.tex
LaTeX2e <2003/12/01>
Babel <v3.8g> and hyphenation patterns for english, dumylang, nohyphenation, french, loaded.
(C:\texmf\tex\latex\Added\latex-beamer-3.07\base\beamer.cls
(C:\texmf\tex\latex\Added\latex-beamer-3.07\base\beamerbasercs.sty
Package: beamerbasercs 2007/01/28 (rcs-revision 1.4)
)
Document Class: beamer 2007/03/11 cvs version 3.07 A class for typesetting presentations (rcs-revision 1.70)
(C:\texmf\tex\latex\Added\latex-beamer-3.07\base\beamerbasemodes.sty
Package: beamerbasemodes 2007/01/28 (rcs-revision 1.22)
\beamer@tempbox=\box26
\beamer@tempcount=\count79
\c@beamerpauses=\count80

(C:\texmf\tex\latex\Added\latex-beamer-3.07\base\beamerbasedecode.sty
Package: beamerbasedecode 2007/01/28 (rcs-revision 1.20)
\beamer@slideinframe=\count81
\beamer@minimum=\count82
)
\beamer@commentbox=\box27
\beamer@modecount=\count83
)
\headheight=\dimen102
\headdp=\dimen103
\footheight=\dimen104
\sidebarheight=\dimen105
\beamer@tempdim=\dimen106
\beamer@finalheight=\dimen107
\beamer@animht=\dimen108
\beamer@animdp=\dimen109
\beamer@animwd=\dimen110
\beamer@leftmargin=\dimen111
\beamer@rightmargin=\dimen112
\beamer@leftsidebar=\dimen113
\beamer@rightsidebar=\dimen114
\beamer@boxsize=\dimen115
\beamer@vboxoffset=\dimen116
\beamer@descdefault=\dimen117
\beamer@descriptionwidth=\dimen118
\beamer@lastskip=\skip41
\beamer@areabox=\box28
\beamer@animcurrent=\box29
\beamer@animshowbox=\box30
\beamer@sectionbox=\box31
\beamer@logobox=\box32
\beamer@linebox=\box33
\beamer@sectioncount=\count84
\beamer@subsubsectionmax=\count85
\beamer@subsectionmax=\count86
\beamer@sectionmax=\count87
\beamer@totalheads=\count88
\beamer@headcounter=\count89
\beamer@partstartpage=\count90
\beamer@sectionstartpage=\count91
\beamer@subsectionstartpage=\count92
\beamer@animationtempa=\count93
\beamer@animationtempb=\count94
\beamer@xpos=\count95
\beamer@ypos=\count96
\beamer@showpartnumber=\count97
\beamer@currentsubsection=\count98
\beamer@coveringdepth=\count99
\beamer@sectionadjust=\count100
\beamer@tocsectionnumber=\count101

(C:\texmf\tex\latex\Added\latex-beamer-3.07\base\beamerbaseoptions.sty
Package: beamerbaseoptions 2007/01/28 (rcs-revision 1.8)
 (C:\texmf\tex\latex\graphics\keyval.sty
Package: keyval 1999/03/16 v1.13 key=value parser (DPC)
\KV@toks@=\toks14
))
(C:\texmf\tex\latex\pgf\basiclayer\pgfcore.sty (C:\texmf\tex\latex\graphics\graphicx.sty
Package: graphicx 1999/02/16 v1.0f Enhanced LaTeX Graphics (DPC,SPQR)

(C:\texmf\tex\latex\graphics\graphics.sty
Package: graphics 2001/07/07 v1.0n Standard LaTeX Graphics (DPC,SPQR)
 (C:\texmf\tex\latex\graphics\trig.sty
Package: trig 1999/03/16 v1.09 sin cos tan (DPC)
)
(C:\texmf\tex\latex\00miktex\graphics.cfg
File: graphics.cfg 2003/03/12 v1.1 MiKTeX 'graphics' configuration
)
Package graphics Info: Driver file: pdftex.def on input line 80.
 (C:\texmf\tex\latex\graphics\pdftex.def
File: pdftex.def 2005/06/20 v0.03m graphics/color for pdftex
\Gread@gobject=\count102
))
\Gin@req@height=\dimen119
\Gin@req@width=\dimen120
)
(C:\texmf\tex\latex\pgf\systemlayer\pgfsys.sty (C:\texmf\tex\latex\pgf\utilities\pgfrcs.sty
(C:\texmf\tex\generic\pgf\utilities\pgfrcs.code.tex
Package: pgfrcs 2005/10/23 v1.00 (rcs-revision 1.7)
)) (C:\texmf\tex\generic\pgf\systemlayer\pgfsys.code.tex
Package: pgfsys 2005/10/18 v1.00 (rcs-revision 1.9)
\pgf@x=\dimen121
\pgf@y=\dimen122
\pgf@xa=\dimen123
\pgf@ya=\dimen124
\pgf@xb=\dimen125
\pgf@yb=\dimen126
\pgf@xc=\dimen127
\pgf@yc=\dimen128

(C:\texmf\tex\generic\pgf\systemlayer\pgf.cfg
File: pgf.cfg 2005/06/29 (rcs-revision 1.1.1.1)
)
Package pgfsys Info: Driver file for pgf: pgfsys-pdftex.def on input line 759.
 (C:\texmf\tex\generic\pgf\systemlayer\pgfsys-pdftex.def
File: pgfsys-pdftex.def 2005/10/06 (rcs-revision 1.4)

(C:\texmf\tex\generic\pgf\systemlayer\pgfsys-common-pdf.def
File: pgfsys-common-pdf.def 2005/10/18 (rcs-revision 1.4)
)))
(C:\texmf\tex\generic\pgf\systemlayer\pgfsyssoftpath.code.tex
File: pgfsyssoftpath.code.tex 2005/06/29 (rcs-revision 1.1.1.1)
)
(C:\texmf\tex\generic\pgf\systemlayer\pgfsysprotocol.code.tex
File: pgfsysprotocol.code.tex 2005/06/29 (rcs-revision 1.1.1.1)
)) (C:\texmf\tex\latex\xcolor\xcolor.sty
Package: xcolor 2005/10/15 v2.06 LaTeX color extensions (UK)

(C:\texmf\tex\latex\00miktex\color.cfg
File: color.cfg 2003/03/08 v1.0 MiKTeX 'color' configuration
)
Package xcolor Info: Driver file: pdftex.def on input line 200.
Package xcolor Info: Model `cmy' substituted by `cmy0' on input line 1165.
Package xcolor Info: Model `hsb' substituted by `rgb' on input line 1171.
Package xcolor Info: Model `RGB' extended on input line 1183.
Package xcolor Info: Model `HTML' substituted by `rgb' on input line 1185.
Package xcolor Info: Model `HSB' substituted by `hsb' on input line 1186.
Package xcolor Info: Model `Gray' substituted by `gray' on input line 1187.
Package xcolor Info: Model `wave' substituted by `hsb' on input line 1188.
) (C:\texmf\tex\generic\pgf\basiclayer\pgfcore.code.tex
Package: pgfcore 2005/07/06 v1.00 (rcs-revision 1.2)

(C:\texmf\tex\generic\pgf\basiclayer\pgfcoremath.code.tex
File: pgfcoremath.code.tex 2005/06/29 (rcs-revision 1.1.1.1)
\c@pgf@counta=\count103
\c@pgf@countb=\count104
\c@pgf@countc=\count105
\c@pgf@countd=\count106
) (C:\texmf\tex\generic\pgf\basiclayer\pgfcorepoints.code.tex
File: pgfcorepoints.code.tex 2005/06/29 (rcs-revision 1.1.1.1)
\pgf@picminx=\dimen129
\pgf@picmaxx=\dimen130
\pgf@picminy=\dimen131
\pgf@picmaxy=\dimen132
\pgf@pathminx=\dimen133
\pgf@pathmaxx=\dimen134
\pgf@pathminy=\dimen135
\pgf@pathmaxy=\dimen136
\pgf@tempdim=\dimen137
\c@pgf@tempcount=\count107
\pgf@xx=\dimen138
\pgf@xy=\dimen139
\pgf@yx=\dimen140
\pgf@yy=\dimen141
\pgf@zx=\dimen142
\pgf@zy=\dimen143
)
(C:\texmf\tex\generic\pgf\basiclayer\pgfcorepathconstruction.code.tex
File: pgfcorepathconstruction.code.tex 2005/09/30 (rcs-revision 1.2)
\pgf@path@lastx=\dimen144
\pgf@path@lasty=\dimen145
)
(C:\texmf\tex\generic\pgf\basiclayer\pgfcorepathusage.code.tex
File: pgfcorepathusage.code.tex 2005/07/17 (rcs-revision 1.2)
\pgf@shorten@end@additional=\dimen146
\pgf@shorten@start@additional=\dimen147
)
(C:\texmf\tex\generic\pgf\basiclayer\pgfcorescopes.code.tex
File: pgfcorescopes.code.tex 2005/10/14 (rcs-revision 1.9)
\pgfpic=\box34
\pgf@hbox=\box35
\pgf@layerbox@main=\box36
)
(C:\texmf\tex\generic\pgf\basiclayer\pgfcoregraphicstate.code.tex
File: pgfcoregraphicstate.code.tex 2005/09/21 (rcs-revision 1.3)
\pgflinewidth=\dimen148
)
(C:\texmf\tex\generic\pgf\basiclayer\pgfcoretransformations.code.tex
File: pgfcoretransformations.code.tex 2005/06/29 (rcs-revision 1.1.1.1)
\pgf@pt@x=\dimen149
\pgf@pt@y=\dimen150
\pgf@pt@temp=\dimen151
)
(C:\texmf\tex\generic\pgf\basiclayer\pgfcorequick.code.tex
File: pgfcorequick.code.tex 2005/06/29 (rcs-revision 1.1.1.1)
) (C:\texmf\tex\generic\pgf\basiclayer\pgfcoreobjects.code.tex
File: pgfcoreobjects.code.tex 2005/06/29 (rcs-revision 1.1.1.1)
) (C:\texmf\tex\generic\pgf\basiclayer\pgfcorepathprocessing.code.tex
File: pgfcorepathprocessing.code.tex 2005/10/03 (rcs-revision 1.2)
)
(C:\texmf\tex\generic\pgf\basiclayer\pgfcorearrows.code.tex
File: pgfcorearrows.code.tex 2005/07/10 (rcs-revision 1.2)
) (C:\texmf\tex\generic\pgf\basiclayer\pgfcoreshade.code.tex
File: pgfcoreshade.code.tex 2005/07/17 (rcs-revision 1.3)
\pgf@max=\dimen152
\pgf@sys@shading@range@num=\count108
))) (C:\texmf\tex\latex\pgf\basiclayer\pgfbaseimage.sty (C:\texmf\tex\generic\pgf\basiclayer\pgfbaseimage.code.tex
Package: pgfbaseimage 2005/07/06 v1.00 (rcs-revision 1.2)
))
(C:\texmf\tex\latex\pgf\utilities\xxcolor.sty
Package: xxcolor 2003/10/24 ver 0.1
\XC@nummixins=\count109
\XC@countmixins=\count110
) (C:\texmf\tex\latex\amsfonts\amssymb.sty
Package: amssymb 2002/01/22 v2.2d

(C:\texmf\tex\latex\amsfonts\amsfonts.sty
Package: amsfonts 2001/10/25 v2.2f
\@emptytoks=\toks15
\symAMSa=\mathgroup4
\symAMSb=\mathgroup5
LaTeX Font Info:    Overwriting math alphabet `\mathfrak' in version `bold'
(Font)                  U/euf/m/n --> U/euf/b/n on input line 132.
)) (C:\texmf\tex\latex\geometry\geometry.sty
Package: geometry 2002/07/08 v3.2 Page Geometry
\Gm@cnth=\count111
\Gm@cntv=\count112
\c@Gm@tempcnt=\count113
\Gm@bindingoffset=\dimen153
\Gm@wd@mp=\dimen154
\Gm@odd@mp=\dimen155
\Gm@even@mp=\dimen156
\Gm@dimlist=\toks16

(C:\texmf\tex\latex\geometry\geometry.cfg)) (C:\texmf\tex\latex\hyperref\hyperref.sty
Package: hyperref 2003/11/30 v6.74m Hypertext links for LaTeX
\@linkdim=\dimen157
\Hy@linkcounter=\count114
\Hy@pagecounter=\count115

(C:\texmf\tex\latex\hyperref\pd1enc.def
File: pd1enc.def 2003/11/30 v6.74m Hyperref: PDFDocEncoding definition (HO)
) (C:\texmf\tex\latex\00miktex\hyperref.cfg
File: hyperref.cfg 2003/03/08 v1.0 MiKTeX 'hyperref' configuration
)
Package hyperref Info: Option `bookmarks' set `true' on input line 1830.
Package hyperref Info: Option `bookmarksopen' set `true' on input line 1830.
Package hyperref Info: Option `implicit' set `false' on input line 1830.
Package hyperref Info: Hyper figures OFF on input line 1880.
Package hyperref Info: Link nesting OFF on input line 1885.
Package hyperref Info: Hyper index ON on input line 1888.
Package hyperref Info: Plain pages ON on input line 1893.
Package hyperref Info: Backreferencing OFF on input line 1900.

Implicit mode OFF; no redefinition of LaTeX internals
Package hyperref Info: Bookmarks ON on input line 2004.
(C:\texmf\tex\latex\ltxmisc\url.sty
\Urlmuskip=\muskip10
Package: url 2005/06/27  ver 3.2  Verb mode for urls, etc.
)
LaTeX Info: Redefining \url on input line 2143.
\Fld@menulength=\count116
\Field@Width=\dimen158
\Fld@charsize=\dimen159
\Choice@toks=\toks17
\Field@toks=\toks18
Package hyperref Info: Hyper figures OFF on input line 2618.
Package hyperref Info: Link nesting OFF on input line 2623.
Package hyperref Info: Hyper index ON on input line 2626.
Package hyperref Info: backreferencing OFF on input line 2633.
Package hyperref Info: Link coloring OFF on input line 2638.

Hyperref stopped early
)
*hyperref using default driver hpdftex*
(C:\texmf\tex\latex\hyperref\hpdftex.def
File: hpdftex.def 2003/11/30 v6.74m Hyperref driver for pdfTeX
 (C:\texmf\tex\latex\psnfss\pifont.sty
Package: pifont 2005/04/12 PSNFSS-v9.2a Pi font support (SPQR) 
LaTeX Font Info:    Try loading font information for U+pzd on input line 63.
 (C:\texmf\tex\latex\psnfss\upzd.fd
File: upzd.fd 2001/06/04 font definitions for U/pzd.
)
LaTeX Font Info:    Try loading font information for U+psy on input line 64.

(C:\texmf\tex\latex\psnfss\upsy.fd
File: upsy.fd 2001/06/04 font definitions for U/psy.
))
\Fld@listcount=\count117
\@outlinefile=\write3
) (C:\texmf\tex\latex\base\size11.clo
File: size11.clo 2004/02/16 v1.4f Standard LaTeX file (size option)
)
(C:\texmf\tex\latex\Added\latex-beamer-3.07\base\beamerbasecompatibility.sty
Package: beamerbasecompatibility 2007/01/28  (rcs-revision 1.63)
)
(C:\texmf\tex\latex\Added\latex-beamer-3.07\base\beamerbasefont.sty
Package: beamerbasefont 2007/01/28  (rcs-revision 1.16)
)
(C:\texmf\tex\latex\Added\latex-beamer-3.07\base\beamerbasemisc.sty
Package: beamerbasemisc 2007/01/28  (rcs-revision 1.24)
)
(C:\texmf\tex\latex\Added\latex-beamer-3.07\base\beamerbasetwoscreens.sty
Package: beamerbasetwoscreens 2007/01/28  (rcs-revision 1.7)
)
(C:\texmf\tex\latex\Added\latex-beamer-3.07\base\beamerbaseoverlay.sty
Package: beamerbaseoverlay 2007/01/28  (rcs-revision 1.50)
\beamer@argscount=\count118
\beamer@lastskipcover=\skip42
\beamer@trivlistdepth=\count119
)
(C:\texmf\tex\latex\Added\latex-beamer-3.07\base\beamerbasetitle.sty
Package: beamerbasetitle 2007/01/28  (rcs-revision 1.25)
)
(C:\texmf\tex\latex\Added\latex-beamer-3.07\base\beamerbasesection.sty
Package: beamerbasesection 2007/01/28  (rcs-revision 1.21)
\c@lecture=\count120
\c@part=\count121
\c@section=\count122
\c@subsection=\count123
\c@subsubsection=\count124
)
(C:\texmf\tex\latex\Added\latex-beamer-3.07\base\beamerbaseframe.sty
Package: beamerbaseframe 2007/01/28  (rcs-revision 1.60)
\beamer@framebox=\box37
\beamer@frametitlebox=\box38
\beamer@zoombox=\box39
\beamer@zoomcount=\count125
\beamer@zoomframecount=\count126
\beamer@frametextheight=\dimen160
\c@subsectionslide=\count127
\beamer@frametopskip=\skip43
\beamer@framebottomskip=\skip44
\beamer@frametopskipautobreak=\skip45
\beamer@framebottomskipautobreak=\skip46
\beamer@envbody=\toks19
\c@framenumber=\count128
)
(C:\texmf\tex\latex\Added\latex-beamer-3.07\base\beamerbaseverbatim.sty
Package: beamerbaseverbatim 2007/01/28  (rcs-revision 1.8)
\beamer@verbatimfileout=\write4
)
(C:\texmf\tex\latex\Added\latex-beamer-3.07\base\beamerbaseframesize.sty
Package: beamerbaseframesize 2007/01/28  (rcs-revision 1.18)
\beamer@splitbox=\box40
\beamer@autobreakcount=\count129
\beamer@autobreaklastheight=\dimen161
\beamer@frametitletoks=\toks20
\beamer@framesubtitletoks=\toks21
)
(C:\texmf\tex\latex\Added\latex-beamer-3.07\base\beamerbaseframecomponents.sty
Package: beamerbaseframecomponents 2007/01/28  (rcs-revision 1.41)
\beamer@footins=\box41
)
(C:\texmf\tex\latex\Added\latex-beamer-3.07\base\beamerbasecolor.sty
Package: beamerbasecolor 2007/01/28  (rcs-revision 1.42)
)
(C:\texmf\tex\latex\Added\latex-beamer-3.07\base\beamerbasenotes.sty
Package: beamerbasenotes 2007/01/28  (rcs-revision 1.23)
\beamer@frameboxcopy=\box42
)
(C:\texmf\tex\latex\Added\latex-beamer-3.07\base\beamerbasetoc.sty
Package: beamerbasetoc 2007/01/28  (rcs-revision 1.21)
)
(C:\texmf\tex\latex\Added\latex-beamer-3.07\base\beamerbasetemplates.sty
Package: beamerbasetemplates 2007/01/28  (rcs-revision 1.51)
\beamer@sbttoks=\toks22

(C:\texmf\tex\latex\Added\latex-beamer-3.07\base\beamerbaseauxtemplates.sty
Package: beamerbaseauxtemplates 2007/01/28  (rcs-revision 1.28)

(C:\texmf\tex\latex\Added\latex-beamer-3.07\base\beamerbaseboxes.sty
Package: beamerbaseboxes 2007/03/11  (rcs-revision 1.32)
\bmb@box=\box43
\bmb@colorbox=\box44
\bmb@boxshadow=\box45
\bmb@boxshadowball=\box46
\bmb@boxshadowballlarge=\box47
\bmb@temp=\dimen162
\bmb@dima=\dimen163
\bmb@dimb=\dimen164
\bmb@prevheight=\dimen165
)
\beamer@blockheadheight=\dimen166
))
(C:\texmf\tex\latex\Added\latex-beamer-3.07\base\beamerbaselocalstructure.sty
Package: beamerbaselocalstructure 2007/01/28  (rcs-revision 1.53)
 (C:\texmf\tex\latex\tools\enumerate.sty
Package: enumerate 1999/03/05 v3.00 enumerate extensions (DPC)
\@enLab=\toks23
)
\c@figure=\count130
\c@table=\count131
\abovecaptionskip=\skip47
\belowcaptionskip=\skip48
)
(C:\texmf\tex\latex\Added\latex-beamer-3.07\base\beamerbasenavigation.sty
Package: beamerbasenavigation 2007/01/28  (rcs-revision 1.36)
)
(C:\texmf\tex\latex\Added\latex-beamer-3.07\base\beamerbasetheorems.sty
Package: beamerbasetheorems 2007/01/28  (rcs-revision 1.10)
 (C:\texmf\tex\latex\amsmath\amsmath.sty
Package: amsmath 2000/07/18 v2.13 AMS math features
\@mathmargin=\skip49

For additional information on amsmath, use the `?' option.
(C:\texmf\tex\latex\amsmath\amstext.sty
Package: amstext 2000/06/29 v2.01
 (C:\texmf\tex\latex\amsmath\amsgen.sty
File: amsgen.sty 1999/11/30 v2.0
\@emptytoks=\toks24
\ex@=\dimen167
)) (C:\texmf\tex\latex\amsmath\amsbsy.sty
Package: amsbsy 1999/11/29 v1.2d
\pmbraise@=\dimen168
) (C:\texmf\tex\latex\amsmath\amsopn.sty
Package: amsopn 1999/12/14 v2.01 operator names
)
\inf@bad=\count132
LaTeX Info: Redefining \frac on input line 211.
\uproot@=\count133
\leftroot@=\count134
LaTeX Info: Redefining \overline on input line 307.
\classnum@=\count135
\DOTSCASE@=\count136
LaTeX Info: Redefining \ldots on input line 379.
LaTeX Info: Redefining \dots on input line 382.
LaTeX Info: Redefining \cdots on input line 467.
\Mathstrutbox@=\box48
\strutbox@=\box49
\big@size=\dimen169
LaTeX Font Info:    Redeclaring font encoding OML on input line 567.
LaTeX Font Info:    Redeclaring font encoding OMS on input line 568.
\macc@depth=\count137
\c@MaxMatrixCols=\count138
\dotsspace@=\muskip11
\c@parentequation=\count139
\dspbrk@lvl=\count140
\tag@help=\toks25
\row@=\count141
\column@=\count142
\maxfields@=\count143
\andhelp@=\toks26
\eqnshift@=\dimen170
\alignsep@=\dimen171
\tagshift@=\dimen172
\tagwidth@=\dimen173
\totwidth@=\dimen174
\lineht@=\dimen175
\@envbody=\toks27
\multlinegap=\skip50
\multlinetaggap=\skip51
\mathdisplay@stack=\toks28
LaTeX Info: Redefining \[ on input line 2666.
LaTeX Info: Redefining \] on input line 2667.
) (C:\texmf\tex\latex\amscls\amsthm.sty
Package: amsthm 2004/08/06 v2.20
\thm@style=\toks29
\thm@bodyfont=\toks30
\thm@headfont=\toks31
\thm@notefont=\toks32
\thm@headpunct=\toks33
\thm@preskip=\skip52
\thm@postskip=\skip53
\thm@headsep=\skip54
\dth@everypar=\toks34
)
\c@theorem=\count144
)
(C:\texmf\tex\latex\Added\latex-beamer-3.07\base\beamerbasethemes.sty
Package: beamerbasethemes 2007/01/28  (rcs-revision 1.10)
)
(C:\texmf\tex\latex\Added\latex-beamer-3.07\themes\theme\beamerthemedefault.sty
Package: beamerthemedefault 2007/01/28  (rcs-revision 1.7)

(C:\texmf\tex\latex\Added\latex-beamer-3.07\themes\font\beamerfontthemedefault.sty
Package: beamerfontthemedefault 2007/01/28  (rcs-revision 1.13)
)
(C:\texmf\tex\latex\Added\latex-beamer-3.07\themes\color\beamercolorthemedefault.sty
Package: beamercolorthemedefault 2007/01/28  (rcs-revision 1.28)
)
(C:\texmf\tex\latex\Added\latex-beamer-3.07\themes\inner\beamerinnerthemedefault.sty
Package: beamerinnerthemedefault 2007/01/28  (rcs-revision 1.20)
\beamer@dima=\dimen176
\beamer@dimb=\dimen177
)
(C:\texmf\tex\latex\Added\latex-beamer-3.07\themes\outer\beamerouterthemedefault.sty
Package: beamerouterthemedefault 2007/01/28  (rcs-revision 1.14)
)))
(C:\texmf\tex\latex\ltxmisc\cancel.sty
Package: cancel 2000/03/12 v2.1 Cancel math terms
)
\c@proposition=\count145
 (math3820_slides_summary.aux

LaTeX Warning: Label `eq:logistic_discrete' multiply defined.


LaTeX Warning: Label `eq:wave_u' multiply defined.

)
LaTeX Font Info:    Checking defaults for OML/cmm/m/it on input line 105.
LaTeX Font Info:    ... okay on input line 105.
LaTeX Font Info:    Checking defaults for T1/cmr/m/n on input line 105.
LaTeX Font Info:    ... okay on input line 105.
LaTeX Font Info:    Checking defaults for OT1/cmr/m/n on input line 105.
LaTeX Font Info:    ... okay on input line 105.
LaTeX Font Info:    Checking defaults for OMS/cmsy/m/n on input line 105.
LaTeX Font Info:    ... okay on input line 105.
LaTeX Font Info:    Checking defaults for OMX/cmex/m/n on input line 105.
LaTeX Font Info:    ... okay on input line 105.
LaTeX Font Info:    Checking defaults for U/cmr/m/n on input line 105.
LaTeX Font Info:    ... okay on input line 105.
LaTeX Font Info:    Checking defaults for PD1/pdf/m/n on input line 105.
LaTeX Font Info:    ... okay on input line 105.
 (C:\texmf\tex\context\base\supp-pdf.tex (C:\texmf\tex\context\base\supp-mis.tex
loading : Context Support Macros / Miscellaneous (2004.10.26)
\protectiondepth=\count146
\scratchcounter=\count147
\scratchtoks=\toks35
\scratchdimen=\dimen178
\scratchskip=\skip55
\scratchmuskip=\muskip12
\scratchbox=\box50
\scratchread=\read1
\scratchwrite=\write5
\zeropoint=\dimen179
\onepoint=\dimen180
\onebasepoint=\dimen181
\minusone=\count148
\thousandpoint=\dimen182
\onerealpoint=\dimen183
\emptytoks=\toks36
\nextbox=\box51
\nextdepth=\dimen184
\everyline=\toks37
\!!counta=\count149
\!!countb=\count150
\recursecounter=\count151
)
loading : Context Support Macros / PDF (2004.03.26)
\nofMPsegments=\count152
\nofMParguments=\count153
\MPscratchCnt=\count154
\MPscratchDim=\dimen185
\MPnumerator=\count155
\everyMPtoPDFconversion=\toks38
)
-------------------- Geometry parameters
paper: user defined
landscape: --
twocolumn: --
twoside: --
asymmetric: --
h-parts: 28.45274pt, 307.28987pt, 28.45274pt
v-parts: 0.0pt, 273.14662pt, 0.0pt
hmarginratio: --
vmarginratio: --
lines: --
heightrounded: --
bindingoffset: 0.0pt
truedimen: --
includehead: true
includefoot: true
includemp: --
driver: pdftex
-------------------- Page layout dimensions and switches
\paperwidth  364.19536pt
\paperheight 273.14662pt
\textwidth  307.28987pt
\textheight 244.6939pt
\oddsidemargin  -43.81725pt
\evensidemargin -43.81725pt
\topmargin  -72.26999pt
\headheight 14.22636pt
\headsep    0.0pt
\footskip   14.22636pt
\marginparwidth 4.0pt
\marginparsep   10.0pt
\columnsep  10.0pt
\skip\footins  10.0pt plus 4.0pt minus 2.0pt
\hoffset 0.0pt
\voffset 0.0pt
\mag 1000

(1in=72.27pt, 1cm=28.45pt)
-----------------------
Package hyperref Info: Link coloring OFF on input line 105.
 (C:\texmf\tex\latex\hyperref\nameref.sty
Package: nameref 2003/12/03 v2.21 Cross-referencing by name of section
\c@section@level=\count156
)
LaTeX Info: Redefining \ref on input line 105.
LaTeX Info: Redefining \pageref on input line 105.
 (math3820_slides_summary.out) (math3820_slides_summary.out)
LaTeX Font Info:    Overwriting symbol font `operators' in version `normal'
(Font)                  OT1/cmr/m/n --> OT1/cmss/m/n on input line 105.
LaTeX Font Info:    Overwriting symbol font `operators' in version `bold'
(Font)                  OT1/cmr/bx/n --> OT1/cmss/bx/n on input line 105.
\symnumbers=\mathgroup6
\sympureletters=\mathgroup7
LaTeX Font Info:    Overwriting math alphabet `\mathrm' in version `normal'
(Font)                  OT1/cmss/m/n --> OT1/cmr/m/n on input line 105.
LaTeX Font Info:    Redeclaring math alphabet \mathbf on input line 105.
LaTeX Font Info:    Overwriting math alphabet `\mathbf' in version `normal'
(Font)                  OT1/cmr/bx/n --> OT1/cmss/bx/n on input line 105.
LaTeX Font Info:    Overwriting math alphabet `\mathbf' in version `bold'
(Font)                  OT1/cmr/bx/n --> OT1/cmss/bx/n on input line 105.
LaTeX Font Info:    Redeclaring math alphabet \mathsf on input line 105.
LaTeX Font Info:    Overwriting math alphabet `\mathsf' in version `normal'
(Font)                  OT1/cmss/m/n --> OT1/cmss/m/n on input line 105.
LaTeX Font Info:    Overwriting math alphabet `\mathsf' in version `bold'
(Font)                  OT1/cmss/bx/n --> OT1/cmss/m/n on input line 105.
LaTeX Font Info:    Redeclaring math alphabet \mathit on input line 105.
LaTeX Font Info:    Overwriting math alphabet `\mathit' in version `normal'
(Font)                  OT1/cmr/m/it --> OT1/cmss/m/it on input line 105.
LaTeX Font Info:    Overwriting math alphabet `\mathit' in version `bold'
(Font)                  OT1/cmr/bx/it --> OT1/cmss/m/it on input line 105.
LaTeX Font Info:    Redeclaring math alphabet \mathtt on input line 105.
LaTeX Font Info:    Overwriting math alphabet `\mathtt' in version `normal'
(Font)                  OT1/cmtt/m/n --> OT1/cmtt/m/n on input line 105.
LaTeX Font Info:    Overwriting math alphabet `\mathtt' in version `bold'
(Font)                  OT1/cmtt/m/n --> OT1/cmtt/m/n on input line 105.
LaTeX Font Info:    Overwriting symbol font `numbers' in version `bold'
(Font)                  OT1/cmss/m/n --> OT1/cmss/bx/n on input line 105.
LaTeX Font Info:    Overwriting symbol font `pureletters' in version `bold'
(Font)                  OT1/cmss/m/it --> OT1/cmss/bx/it on input line 105.
LaTeX Font Info:    Overwriting math alphabet `\mathrm' in version `bold'
(Font)                  OT1/cmss/bx/n --> OT1/cmr/bx/n on input line 105.
LaTeX Font Info:    Overwriting math alphabet `\mathbf' in version `bold'
(Font)                  OT1/cmss/bx/n --> OT1/cmss/bx/n on input line 105.
LaTeX Font Info:    Overwriting math alphabet `\mathsf' in version `bold'
(Font)                  OT1/cmss/m/n --> OT1/cmss/bx/n on input line 105.
LaTeX Font Info:    Overwriting math alphabet `\mathit' in version `bold'
(Font)                  OT1/cmss/m/it --> OT1/cmss/bx/it on input line 105.
LaTeX Font Info:    Overwriting math alphabet `\mathtt' in version `bold'
(Font)                  OT1/cmtt/m/n --> OT1/cmtt/bx/n on input line 105.

(math3820_slides_summary.nav)

LaTeX Font Warning: Font shape `OT1/cmss/m/n' in size <4> not available
(Font)              size <5> substituted on input line 106.

[1

{psfonts.map}] (math3820_slides_summary.toc) [2

] (math3820_slides_summary.toc) [3

] [4

] (math3820_slides_summary.toc)
[5

]
LaTeX Font Info:    Try loading font information for U+msa on input line 148.
 (C:\texmf\tex\latex\amsfonts\umsa.fd
File: umsa.fd 2002/01/19 v2.2g AMS font definitions
)
LaTeX Font Info:    Try loading font information for U+msb on input line 148.
 (C:\texmf\tex\latex\amsfonts\umsb.fd
File: umsb.fd 2002/01/19 v2.2g AMS font definitions
) [6

] [7

] [8

] [9

] [10

] [11

] [12

] [13

]
(math3820_slides_summary.toc) [14

] [15

] [16

] [17

] [18

] [19

] [20

] [21

] [22

] (math3820_slides_summary.toc) [23

] [24

]
[25

] [26

] [27

] [28

] [29

] [30

] [31

] [32

] [33

] [34

] [35

] [36

] [37

] [38

] (math3820_slides_summary.toc) [39

] [40

] [41

]
[42

] (math3820_slides_summary.toc) [43

] [44

] <residence_time/distrib_a_b.pdf, id=562, 339.76938pt x 285.06601pt>
File: residence_time/distrib_a_b.pdf Graphic file (type pdf)

<use residence_time/distrib_a_b.pdf>
Overfull \vbox (4.15619pt too high) detected at line 644
 []

[45

 <residence_time/distrib_a_b.pdf>] <residence_time/cdf_auc.pdf, id=572, 333.49594pt x 281.80382pt>
File: residence_time/cdf_auc.pdf Graphic file (type pdf)

<use residence_time/cdf_auc.pdf> [46

 <residence_time/cdf_auc.pdf>]
<residence_time/cdf_plot.pdf, id=582, 333.49594pt x 281.80382pt>
File: residence_time/cdf_plot.pdf Graphic file (type pdf)
 <use residence_time/cdf_plot.pdf> [47

 <residence_time/cdf_plot.pdf>] [48

] [49

] [50

] (math3820_slides_summary.toc) [51

] [52

] [53

] [54

] [55

] [56

] [57

] [58

]
(math3820_slides_summary.toc) [59

] [60

] [61

] [62

] [63

] [64

] (math3820_slides_summary.toc) [65

] [66

]
<genetics/graphe_absorbant.pdf, id=724, 274.02374pt x 52.54631pt>
File: genetics/graphe_absorbant.pdf Graphic file (type pdf)
 <use genetics/graphe_absorbant.pdf> [67

 <genetics/graphe_absorbant.pdf
Warning: pdflatex (file genetics/graphe_absorbant.pdf): pdf inclusion: Page Group detected which pdfTeX can't handle. Ig
noring it.
>] [68

] [69

] [70

] (math3820_slides_summary.toc) [71

] (math3820_slides_summary.toc)
Overfull \vbox (49.26051pt too high) detected at line 987
 []

[72

] (math3820_slides_summary.toc) [73

] [74

]
<population_growth/USpop_to1910_points.pdf, id=819, 364.36125pt x 292.09125pt>
File: population_growth/USpop_to1910_points.pdf Graphic file (type pdf)

<use population_growth/USpop_to1910_points.pdf> [75

 <population_growth/USpop_to1910_points.pdf>]
(math3820_slides_summary.toc) [76

] [77

] <population_growth/quadratic_fit.pdf, id=847, 364.36125pt x 292.09125pt>
File: population_growth/quadratic_fit.pdf Graphic file (type pdf)

<use population_growth/quadratic_fit.pdf> [78

 <population_growth/quadratic_fit.pdf>] [79

] (math3820_slides_summary.toc)
[80

] [81

] [82

] [83

] (math3820_slides_summary.toc) [84

] [85

] [86

] [87

] [88

] (math3820_slides_summary.toc) [89

] [90

]
[91

] [92

] [93

] (math3820_slides_summary.toc) [94

]
! pdfTeX warning (ext4): destination with the same identifier (name{eq:logistic_discrete}) has been already used, duplic
ate ignored
<to be read again> 
                   \penalty 
l.1208 }
         [95

] [96

] [97

] [98

] [99

] <population_growth/bif_cascade_1.pdf, id=1029, 366.11882pt x 305.14pt>
File: population_growth/bif_cascade_1.pdf Graphic file (type pdf)

<use population_growth/bif_cascade_1.pdf> [100

 <population_growth/bif_cascade_1.pdf>] [101

] [102

] [103

] [104

]
<population_growth/bif_cascade_2.pdf, id=1068, 382.42876pt x 305.14pt>
File: population_growth/bif_cascade_2.pdf Graphic file (type pdf)
 <use population_growth/bif_cascade_2.pdf>
[105

 <population_growth/bif_cascade_2.pdf>] <population_growth/bif_cascade_3.pdf, id=1078, 366.11882pt x 305.14pt>
File: population_growth/bif_cascade_3.pdf Graphic file (type pdf)

<use population_growth/bif_cascade_3.pdf> [106

 <population_growth/bif_cascade_3.pdf>]
<population_growth/bif_cascade_4.pdf, id=1088, 382.42876pt x 305.14pt>
File: population_growth/bif_cascade_4.pdf Graphic file (type pdf)
 <use population_growth/bif_cascade_4.pdf>
[107

 <population_growth/bif_cascade_4.pdf>] [108

] <population_growth/bif_cascade_5.pdf, id=1104, 614.295pt x 794.97pt>
File: population_growth/bif_cascade_5.pdf Graphic file (type pdf)

<use population_growth/bif_cascade_5.pdf>
Overfull \vbox (108.86055pt too high) detected at line 1395
 []

[109

 <population_growth/bif_cascade_5.pdf>] [110

] (math3820_slides_summary.toc) [111

] [112

] (math3820_slides_summary.toc) [113

] [114

] [115

] [116

] (math3820_slides_summary.toc) [117

] [118

]
<residence_time/SIS_general.pdf, id=1188, 169.28242pt x 102.93457pt>
File: residence_time/SIS_general.pdf Graphic file (type pdf)
 <use residence_time/SIS_general.pdf> [119

 <residence_time/SIS_general.pdf
Warning: pdflatex (file residence_time/SIS_general.pdf): pdf inclusion: Page Group detected which pdfTeX can't handle. I
gnoring it.
>] [120

] [121

] [122

] [123

] [124

] (math3820_slides_summary.toc)
Overfull \vbox (8.4605pt too high) detected at line 1572
 []

[125

] (math3820_slides_summary.toc) [126

] [127

] [128

]
<epidemic_models/SIS_nodemography.pdf, id=1294, 169.28242pt x 102.93457pt>
File: epidemic_models/SIS_nodemography.pdf Graphic file (type pdf)
 <use epidemic_models/SIS_nodemography.pdf>
[129

 <epidemic_models/SIS_nodemography.pdf
Warning: pdflatex (file epidemic_models/SIS_nodemography.pdf): pdf inclusion: Page Group detected which pdfTeX can't han
dle. Ignoring it.
>] [130

] [131

] <epidemic_models/EEP_fct_R0.pdf, id=1331, 466.74374pt x 457.71pt>
File: epidemic_models/EEP_fct_R0.pdf Graphic file (type pdf)
 <use epidemic_models/EEP_fct_R0.pdf>
[132

 <epidemic_models/EEP_fct_R0.pdf>] (math3820_slides_summary.toc) [133

] [134

] [135

] [136

] [137

]
(math3820_slides_summary.toc) [138

] [139

] [140

]
<epidemic_models/SIRS_massaction.pdf, id=1401, 325.46594pt x 98.96974pt>
File: epidemic_models/SIRS_massaction.pdf Graphic file (type pdf)
 <use epidemic_models/SIRS_massaction.pdf>
<epidemic_models/SIRS_propincidence.pdf, id=1402, 325.46594pt x 123.86275pt>
File: epidemic_models/SIRS_propincidence.pdf Graphic file (type pdf)

<use epidemic_models/SIRS_propincidence.pdf> [141

 <epidemic_models/SIRS_massaction.pdf
Warning: pdflatex (file epidemic_models/SIRS_massaction.pdf): pdf inclusion: Page Group detected which pdfTeX can't hand
le. Ignoring it.
> <epidemic_models/SIRS_propincidence.pdf
Warning: pdflatex (file epidemic_models/SIRS_propincidence.pdf): pdf inclusion: Page Group detected which pdfTeX can't h
andle. Ignoring it.
>] [142

] (math3820_slides_summary.toc) [143

] <chemostat/chemostat.png, id=1465, 422.32782pt x 562.35094pt>
File: chemostat/chemostat.png Graphic file (type png)

<use chemostat/chemostat.png>
Overfull \vbox (9.66765pt too high) detected at line 1756
 []

[144

 <chemostat/chemostat.png>] [145

] (math3820_slides_summary.toc) [146

] [147

]
<chemostat/monod.png, id=1494, 362.43405pt x 282.21436pt>
File: chemostat/monod.png Graphic file (type png)
 <use chemostat/monod.png> [148

 <chemostat/monod.png>] [149

]
<chemostat/chemo_batch_nodeath_Sx.png, id=1508, 375.44266pt x 294.1389pt>
File: chemostat/chemo_batch_nodeath_Sx.png Graphic file (type png)
 <use chemostat/chemo_batch_nodeath_Sx.png>
[150

 <chemostat/chemo_batch_nodeath_Sx.png>] [151

] [152

] (math3820_slides_summary.toc) [153

] [154

]
<chemostat/figchemo_eng.png, id=1543, 521.7894pt x 438.6789pt>
File: chemostat/figchemo_eng.png Graphic file (type png)
 <use chemostat/figchemo_eng.png>
Overfull \vbox (9.66765pt too high) detected at line 1888
 []

[155

 <chemostat/figchemo_eng.png>] [156

] [157

] (math3820_slides_summary.toc) [158

] (math3820_slides_summary.toc)
[159

] <traffic_flow/traffic_flow1.pdf, id=1588, 655.5491pt x 179.16937pt>
File: traffic_flow/traffic_flow1.pdf Graphic file (type pdf)
 <use traffic_flow/traffic_flow1.pdf> [160

 <traffic_flow/traffic_flow1.pdf
Warning: pdflatex (file traffic_flow/traffic_flow1.pdf): pdf inclusion: Page Group detected which pdfTeX can't handle. I
gnoring it.
>] [161

] [162

] [163

] [164

] [165

] [166

] [167

] [168

] [169

] [170

] [171

]
<traffic_flow/traffic_flow_3cars_ODE_l0.png, id=1689, 421.575pt x 316.18124pt>
File: traffic_flow/traffic_flow_3cars_ODE_l0.png Graphic file (type png)

<use traffic_flow/traffic_flow_3cars_ODE_l0.png> [172

 <traffic_flow/traffic_flow_3cars_ODE_l0.png>]
<traffic_flow/traffic_flow_3cars_ODE_l04.png, id=1696, 421.575pt x 316.18124pt>
File: traffic_flow/traffic_flow_3cars_ODE_l04.png Graphic file (type png)

<use traffic_flow/traffic_flow_3cars_ODE_l04.png> [173

 <traffic_flow/traffic_flow_3cars_ODE_l04.png>]
<traffic_flow/traffic_flow_3cars_ODE_l08.png, id=1703, 421.575pt x 316.18124pt>
File: traffic_flow/traffic_flow_3cars_ODE_l08.png Graphic file (type png)

<use traffic_flow/traffic_flow_3cars_ODE_l08.png> [174

 <traffic_flow/traffic_flow_3cars_ODE_l08.png>]
<traffic_flow/traffic_flow_3cars_ODE_l5.png, id=1710, 421.575pt x 316.18124pt>
File: traffic_flow/traffic_flow_3cars_ODE_l5.png Graphic file (type png)

<use traffic_flow/traffic_flow_3cars_ODE_l5.png> [175

 <traffic_flow/traffic_flow_3cars_ODE_l5.png>]
(math3820_slides_summary.toc) [176

] [177

] [178

] [179

] (math3820_slides_summary.toc) [180

]
<shallow_water/xyz_domain.pdf, id=1764, 441.04774pt x 298.81639pt>
File: shallow_water/xyz_domain.pdf Graphic file (type pdf)
 <use shallow_water/xyz_domain.pdf> [181

 <shallow_water/xyz_domain.pdf
Warning: pdflatex (file shallow_water/xyz_domain.pdf): pdf inclusion: Page Group detected which pdfTeX can't handle. Ign
oring it.
>] [182

]
! pdfTeX warning (ext4): destination with the same identifier (name{eq:wave_u}) has been already used, duplicate ignored

<to be read again> 
                   \penalty 
l.2261 }
         [183

] (math3820_slides_summary.toc) [184

] [185

] [186

] [187

] [188

]
<shallow_water/xct.pdf, id=1826, 346.43729pt x 351.21211pt>
File: shallow_water/xct.pdf Graphic file (type pdf)
 <use shallow_water/xct.pdf> [189

 <shallow_water/xct.pdf
Warning: pdflatex (file shallow_water/xct.pdf): pdf inclusion: Page Group detected which pdfTeX can't handle. Ignoring i
t.
>] <shallow_water/xwave.pdf, id=1850, 334.60007pt x 187.29976pt>
File: shallow_water/xwave.pdf Graphic file (type pdf)
 <use shallow_water/xwave.pdf> [190

 <shallow_water/xwave.pdf
Warning: pdflatex (file shallow_water/xwave.pdf): pdf inclusion: Page Group detected which pdfTeX can't handle. Ignoring
 it.
>] (math3820_slides_summary.toc) [191

] [192

] [193

] <genetics/dominant_hybrid.pdf, id=1903, 551.05875pt x 115.58182pt>
File: genetics/dominant_hybrid.pdf Graphic file (type pdf)

<use genetics/dominant_hybrid.pdf> [194

 <genetics/dominant_hybrid.pdf
Warning: pdflatex (file genetics/dominant_hybrid.pdf): pdf inclusion: Page Group detected which pdfTeX can't handle. Ign
oring it.
>] <genetics/hybrid_hybrid.pdf, id=1917, 551.05875pt x 115.58182pt>
File: genetics/hybrid_hybrid.pdf Graphic file (type pdf)
 <use genetics/hybrid_hybrid.pdf> [195

 <genetics/hybrid_hybrid.pdf
Warning: pdflatex (file genetics/hybrid_hybrid.pdf): pdf inclusion: Page Group detected which pdfTeX can't handle. Ignor
ing it.
>] <genetics/recessive_hybrid.pdf, id=1931, 549.05125pt x 115.58182pt>
File: genetics/recessive_hybrid.pdf Graphic file (type pdf)
 <use genetics/recessive_hybrid.pdf> [196

 <genetics/recessive_hybrid.pdf
Warning: pdflatex (file genetics/recessive_hybrid.pdf): pdf inclusion: Page Group detected which pdfTeX can't handle. Ig
noring it.
>]

Package hyperref Warning: Token not allowed in a PDFDocEncoded string,
(hyperref)                removing `math shift' on input line 2407.


Package hyperref Warning: Token not allowed in a PDFDocEncoded string,
(hyperref)                removing `math shift' on input line 2407.

(math3820_slides_summary.toc) [197

] [198

] [199

] [200

] <genetics/graphe_hybride.pdf, id=1972, 251.94125pt x 155.58125pt>
File: genetics/graphe_hybride.pdf Graphic file (type pdf)

<use genetics/graphe_hybride.pdf> [201

 <genetics/graphe_hybride.pdf
Warning: pdflatex (file genetics/graphe_hybride.pdf): pdf inclusion: Page Group detected which pdfTeX can't handle. Igno
ring it.
>] [202

]

Package hyperref Warning: Token not allowed in a PDFDocEncoded string,
(hyperref)                removing `math shift' on input line 2502.


Package hyperref Warning: Token not allowed in a PDFDocEncoded string,
(hyperref)                removing `math shift' on input line 2502.

(math3820_slides_summary.toc) [203

] [204

] <genetics/graphe_dominant.pdf, id=2012, 220.825pt x 127.47626pt>
File: genetics/graphe_dominant.pdf Graphic file (type pdf)

<use genetics/graphe_dominant.pdf> [205

 <genetics/graphe_dominant.pdf
Warning: pdflatex (file genetics/graphe_dominant.pdf): pdf inclusion: Page Group detected which pdfTeX can't handle. Ign
oring it.
>] [206

] [207

]
\tf@nav=\write6
\tf@toc=\write7
\tf@snm=\write8
 (math3820_slides_summary.aux)

LaTeX Font Warning: Size substitutions with differences
(Font)              up to 1.0pt have occurred.


LaTeX Warning: There were multiply-defined labels.

 ) 
Here is how much of TeX's memory you used:
 9854 strings out of 95514
 160816 string characters out of 1189467
 218607 words of memory out of 1216280
 11585 multiletter control sequences out of 60000
 22009 words of font info for 80 fonts, out of 1000000 for 2000
 14 hyphenation exceptions out of 4999
 41i,16n,51p,413b,538s stack positions out of 5000i,500n,10000p,200000b,32768s
PDF statistics:
 2038 PDF objects out of 300000
 486 named destinations out of 300000
 490 words of extra memory for PDF output out of 65536
<C:\texmf\fonts\type1\bluesky\cm\cmmi12.pfb><C:\texmf\fonts\type1\bluesky\cm\cmsy7.pfb><C:\texmf\fonts\type1\bluesky\s
ymbols\msam7.pfb><C:\texmf\fonts\type1\bluesky\cm\cmtt10.pfb><C:\texmf\fonts\type1\bluesky\cm\cmssi12.pfb><C:\texmf\font
s\type1\bluesky\cm\cmti10.pfb><C:\texmf\fonts\type1\bluesky\cm\cmsy6.pfb><C:\texmf\fonts\type1\bluesky\cm\cmssbx10.pfb><
C:\texmf\fonts\type1\bluesky\cm\cmmi8.pfb><C:\texmf\fonts\type1\bluesky\symbols\msam7.pfb><C:\texmf\fonts\type1\bluesky\
cm\cmsy8.pfb><C:\texmf\fonts\type1\bluesky\cm\cmr10.pfb><C:\texmf\fonts\type1\bluesky\cm\cmr8.pfb><C:\texmf\fonts\type1\
bluesky\cm\cmex10.pfb><C:\texmf\fonts\type1\bluesky\cm\cmmi10.pfb><C:\texmf\fonts\type1\bluesky\cm\cmssi8.pfb><C:\texmf\
fonts\type1\bluesky\symbols\msbm10.pfb><C:\texmf\fonts\type1\bluesky\cm\cmsy10.pfb><C:\texmf\fonts\type1\bluesky\cm\cmss
i10.pfb><C:\texmf\fonts\type1\bluesky\cm\cmss10.pfb><C:\texmf\fonts\type1\bluesky\cm\cmss8.pfb><C:\texmf\fonts\type1\blu
esky\cm\cmss12.pfb>
Output written on math3820_slides_summary.pdf (207 pages, 2214085 bytes).
