This is pdfeTeX, Version 3.141592-1.21a-2.2 (MiKTeX 2.4) (preloaded format=latex 2006.12.8)  4 FEB 2007 19:35
entering extended mode
**C:/Documents*and*Settings/jarino/My*Documents/Textes/Cours/math3820/math3820_past_projects.tex
(C:/Documents and Settings/jarino/My Documents/Textes/Cours/math3820/math3820_past_projects.tex
LaTeX2e <2003/12/01>
Babel <v3.8g> and hyphenation patterns for english, dumylang, nohyphenation, french, loaded.
(C:\texmf\tex\latex\base\article.cls
Document Class: article 2004/02/16 v1.4f Standard LaTeX document class
(C:\texmf\tex\latex\base\size12.clo
File: size12.clo 2004/02/16 v1.4f Standard LaTeX file (size option)
)
\c@part=\count79
\c@section=\count80
\c@subsection=\count81
\c@subsubsection=\count82
\c@paragraph=\count83
\c@subparagraph=\count84
\c@figure=\count85
\c@table=\count86
\abovecaptionskip=\skip41
\belowcaptionskip=\skip42
\bibindent=\dimen102
)
\c@cmpt_project=\count87
 (math3820_past_projects.aux)
LaTeX Font Info:    Checking defaults for OML/cmm/m/it on input line 27.
LaTeX Font Info:    ... okay on input line 27.
LaTeX Font Info:    Checking defaults for T1/cmr/m/n on input line 27.
LaTeX Font Info:    ... okay on input line 27.
LaTeX Font Info:    Checking defaults for OT1/cmr/m/n on input line 27.
LaTeX Font Info:    ... okay on input line 27.
LaTeX Font Info:    Checking defaults for OMS/cmsy/m/n on input line 27.
LaTeX Font Info:    ... okay on input line 27.
LaTeX Font Info:    Checking defaults for OMX/cmex/m/n on input line 27.
LaTeX Font Info:    ... okay on input line 27.
LaTeX Font Info:    Checking defaults for U/cmr/m/n on input line 27.
LaTeX Font Info:    ... okay on input line 27.
LaTeX Font Info:    External font `cmex10' loaded for size
(Font)              <14.4> on input line 29.
LaTeX Font Info:    External font `cmex10' loaded for size
(Font)              <7> on input line 29.
LaTeX Font Info:    External font `cmex10' loaded for size
(Font)              <12> on input line 39.
LaTeX Font Info:    External font `cmex10' loaded for size
(Font)              <8> on input line 39.
LaTeX Font Info:    External font `cmex10' loaded for size
(Font)              <6> on input line 39.
 [1

{psfonts.map}] [2] [3] [4] [5] [6] [7] [8]
(math3820_past_projects.aux) ) 
Here is how much of TeX's memory you used:
 258 strings out of 95514
 2970 string characters out of 1189467
 51533 words of memory out of 1049718
 3425 multiletter control sequences out of 60000
 9109 words of font info for 32 fonts, out of 1000000 for 2000
 14 hyphenation exceptions out of 4999
 22i,10n,19p,538b,185s stack positions out of 5000i,500n,10000p,200000b,32768s
PDF statistics:
 44 PDF objects out of 300000
 0 named destinations out of 300000
 1 words of extra memory for PDF output out of 65536
<C:\texmf\fonts\type1\bluesky\cm\cmr8.pfb><C:\texmf\fonts\type1\bluesky\cm\cmbx12.pfb><C:\
texmf\fonts\type1\bluesky\cm\cmr10.pfb><C:\texmf\fonts\type1\bluesky\cm\cmbx10.pfb><C:\texmf\fonts\type1\bluesky\cm\cmr1
2.pfb><C:\texmf\fonts\type1\bluesky\cm\cmr17.pfb>
Output written on math3820_past_projects.pdf (8 pages, 67617 bytes).
