This is pdfTeXk, Version 3.141592-1.40.3 (Web2C 7.5.6) (format=latex 2008.2.11)  18 MAR 2008 18:44
entering extended mode
 Source specials enabled.
 %&-line parsing enabled.
**LectureNotes3530_expunged.tex
(./LectureNotes3530_expunged.tex
LaTeX2e <2005/12/01>
Babel <v3.8h> and hyphenation patterns for english, usenglishmax, dumylang, noh
yphenation, loaded.
(/usr/share/texmf-texlive/tex/latex/base/article.cls
Document Class: article 2005/09/16 v1.4f Standard LaTeX document class
(/usr/share/texmf-texlive/tex/latex/base/size10.clo
File: size10.clo 2005/09/16 v1.4f Standard LaTeX file (size option)
)
\c@part=\count79
\c@section=\count80
\c@subsection=\count81
\c@subsubsection=\count82
\c@paragraph=\count83
\c@subparagraph=\count84
\c@figure=\count85
\c@table=\count86
\abovecaptionskip=\skip41
\belowcaptionskip=\skip42
\bibindent=\dimen102
)
(/usr/share/texmf-texlive/tex/latex/graphics/graphics.sty
Package: graphics 2006/02/20 v1.0o Standard LaTeX Graphics (DPC,SPQR)

(/usr/share/texmf-texlive/tex/latex/graphics/trig.sty
Package: trig 1999/03/16 v1.09 sin cos tan (DPC)
)
(/etc/texmf/tex/latex/config/graphics.cfg
File: graphics.cfg 2007/01/18 v1.5 graphics configuration of teTeX/TeXLive
)
Package graphics Info: Driver file: dvips.def on input line 90.

(/usr/share/texmf-texlive/tex/latex/graphics/dvips.def
File: dvips.def 1999/02/16 v3.0i Driver-dependant file (DPC,SPQR)
))
(/usr/share/texmf-texlive/tex/latex/graphics/graphicx.sty
Package: graphicx 1999/02/16 v1.0f Enhanced LaTeX Graphics (DPC,SPQR)

(/usr/share/texmf-texlive/tex/latex/graphics/keyval.sty
Package: keyval 1999/03/16 v1.13 key=value parser (DPC)
\KV@toks@=\toks14
)
\Gin@req@height=\dimen103
\Gin@req@width=\dimen104
)
(/usr/share/texmf-texlive/tex/latex/amsmath/amsmath.sty
Package: amsmath 2000/07/18 v2.13 AMS math features
\@mathmargin=\skip43

For additional information on amsmath, use the `?' option.
(/usr/share/texmf-texlive/tex/latex/amsmath/amstext.sty
Package: amstext 2000/06/29 v2.01

(/usr/share/texmf-texlive/tex/latex/amsmath/amsgen.sty
File: amsgen.sty 1999/11/30 v2.0
\@emptytoks=\toks15
\ex@=\dimen105
))
(/usr/share/texmf-texlive/tex/latex/amsmath/amsbsy.sty
Package: amsbsy 1999/11/29 v1.2d
\pmbraise@=\dimen106
)
(/usr/share/texmf-texlive/tex/latex/amsmath/amsopn.sty
Package: amsopn 1999/12/14 v2.01 operator names
)
\inf@bad=\count87
LaTeX Info: Redefining \frac on input line 211.
\uproot@=\count88
\leftroot@=\count89
LaTeX Info: Redefining \overline on input line 307.
\classnum@=\count90
\DOTSCASE@=\count91
LaTeX Info: Redefining \ldots on input line 379.
LaTeX Info: Redefining \dots on input line 382.
LaTeX Info: Redefining \cdots on input line 467.
\Mathstrutbox@=\box26
\strutbox@=\box27
\big@size=\dimen107
LaTeX Font Info:    Redeclaring font encoding OML on input line 567.
LaTeX Font Info:    Redeclaring font encoding OMS on input line 568.
\macc@depth=\count92
\c@MaxMatrixCols=\count93
\dotsspace@=\muskip10
\c@parentequation=\count94
\dspbrk@lvl=\count95
\tag@help=\toks16
\row@=\count96
\column@=\count97
\maxfields@=\count98
\andhelp@=\toks17
\eqnshift@=\dimen108
\alignsep@=\dimen109
\tagshift@=\dimen110
\tagwidth@=\dimen111
\totwidth@=\dimen112
\lineht@=\dimen113
\@envbody=\toks18
\multlinegap=\skip44
\multlinetaggap=\skip45
\mathdisplay@stack=\toks19
LaTeX Info: Redefining \[ on input line 2666.
LaTeX Info: Redefining \] on input line 2667.
)
(/usr/share/texmf-texlive/tex/latex/amsfonts/amssymb.sty
Package: amssymb 2002/01/22 v2.2d

(/usr/share/texmf-texlive/tex/latex/amsfonts/amsfonts.sty
Package: amsfonts 2001/10/25 v2.2f
\symAMSa=\mathgroup4
\symAMSb=\mathgroup5
LaTeX Font Info:    Overwriting math alphabet `\mathfrak' in version `bold'
(Font)                  U/euf/m/n --> U/euf/b/n on input line 132.
))
(/usr/share/texmf-texlive/tex/latex/amscls/amsthm.sty
Package: amsthm 2004/08/06 v2.20
\thm@style=\toks20
\thm@bodyfont=\toks21
\thm@headfont=\toks22
\thm@notefont=\toks23
\thm@headpunct=\toks24
\thm@preskip=\skip46
\thm@postskip=\skip47
\thm@headsep=\skip48
\dth@everypar=\toks25
)
(/usr/share/texmf-texlive/tex/latex/subfigure/subfigure.sty
Package: subfigure 2002/03/15 v2.1.5 subfigure package
\subfigtopskip=\skip49
\subfigcapskip=\skip50
\subfigcaptopadj=\dimen114
\subfigbottomskip=\skip51
\subfigcapmargin=\dimen115
\subfiglabelskip=\skip52
\c@subfigure=\count99
\c@lofdepth=\count100
\c@subtable=\count101
\c@lotdepth=\count102

****************************************
* Local config file subfigure.cfg used *
****************************************
(/usr/share/texmf-texlive/tex/latex/subfigure/subfigure.cfg)
\subfig@top=\skip53
\subfig@bottom=\skip54
)
\c@property=\count103
\c@theorem=\count104

(./LectureNotes3530_expunged.aux)
\openout1 = `LectureNotes3530_expunged.aux'.

LaTeX Font Info:    Checking defaults for OML/cmm/m/it on input line 34.
LaTeX Font Info:    ... okay on input line 34.
LaTeX Font Info:    Checking defaults for T1/cmr/m/n on input line 34.
LaTeX Font Info:    ... okay on input line 34.
LaTeX Font Info:    Checking defaults for OT1/cmr/m/n on input line 34.
LaTeX Font Info:    ... okay on input line 34.
LaTeX Font Info:    Checking defaults for OMS/cmsy/m/n on input line 34.
LaTeX Font Info:    ... okay on input line 34.
LaTeX Font Info:    Checking defaults for OMX/cmex/m/n on input line 34.
LaTeX Font Info:    ... okay on input line 34.
LaTeX Font Info:    Checking defaults for U/cmr/m/n on input line 34.
LaTeX Font Info:    ... okay on input line 34.
LaTeX Font Info:    Try loading font information for U+msa on input line 35.

(/usr/share/texmf-texlive/tex/latex/amsfonts/umsa.fd
File: umsa.fd 2002/01/19 v2.2g AMS font definitions
)
LaTeX Font Info:    Try loading font information for U+msb on input line 35.

(/usr/share/texmf-texlive/tex/latex/amsfonts/umsb.fd
File: umsb.fd 2002/01/19 v2.2g AMS font definitions
)

LaTeX Warning: No \author given.

(./LectureNotes3530_expunged.toc [1

])
\tf@toc=\write3
\openout3 = `LectureNotes3530_expunged.toc'.

LaTeX Font Info:    Try loading font information for OMS+cmr on input line 43.

(/usr/share/texmf-texlive/tex/latex/base/omscmr.fd
File: omscmr.fd 1999/05/25 v2.5h Standard LaTeX font definitions
)
LaTeX Font Info:    Font shape `OMS/cmr/m/n' in size <10> not available
(Font)              Font shape `OMS/cmsy/m/n' tried instead on input line 43.
 [2]
File: figs_steph/FigureMathBio.eps Graphic file (type eps)

<figs_steph/FigureMathBio.eps>
Overfull \hbox (1.31616pt too wide) in paragraph at lines 84--85
[]\OT1/cmr/m/n/10 Suppose that we con-duct some ex-per-i-ment with a set of $\O
ML/cmm/m/it/10 k$ \OT1/cmr/m/n/10 states $\OML/cmm/m/it/10 S \OT1/cmr/m/n/10 = 
\OMS/cmsy/m/n/10 f\OML/cmm/m/it/10 s[]; [] ; s[]\OMS/cmsy/m/n/10 g$\OT1/cmr/m/n
/10 .
 []

[3]

LaTeX Warning: Reference `Theo:NormRho' on page 4 undefined on input line 114.

[4] [5]
Missing character: There is no ’ in font cmr10!
Missing character: There is no ’ in font cmr10!
Missing character: There is no ’ in font cmr10!

Overfull \hbox (34.99146pt too wide) in paragraph at lines 190--192
\OT1/cmr/m/n/10 ground lit-ter, or com-bi-na-tions. In-side the "co-coon/shelte
r/chamber/capsule/case"
 []

File: figs_steph/insect_life_cycle.eps Graphic file (type eps)
<figs_steph/insect_life_cycle.eps> [6] [7] [8] [9] [10]

LaTeX Warning: Reference `theo:2.9' on page 11 undefined on input line 381.


! LaTeX Error: File `cascade_full' not found.

See the LaTeX manual or LaTeX Companion for explanation.
Type  H <return>  for immediate help.
 ...                                              
                                                  
l.396 ...aphics[width=0.5\textwidth]{cascade_full}
                                                  
I could not locate the file with any of these extensions:
.eps,.ps,.eps.gz,.ps.gz,.eps.Z
Try typing  <return>  to proceed.
If that doesn't work, type  X <return>  to quit.

[11]
Overfull \hbox (55.82748pt too wide) detected at line 489
\OML/cmm/m/it/10 J[] \OT1/cmr/m/n/10 = []  \OML/cmm/m/it/10 J[] \OT1/cmr/m/n/10
 = []  \OML/cmm/m/it/10 J[] \OT1/cmr/m/n/10 = []
 []

[12]

LaTeX Warning: Reference `theo:stable2dim' on page 13 undefined on input line 4
93.

[13] [14]

! LaTeX Error: File `rzero' not found.

See the LaTeX manual or LaTeX Companion for explanation.
Type  H <return>  for immediate help.
 ...                                              
                                                  
l.565 \includegraphics[width=.8\textwidth]{rzero}
                                                 
I could not locate the file with any of these extensions:
.eps,.ps,.eps.gz,.ps.gz,.eps.Z
Try typing  <return>  to proceed.
If that doesn't work, type  X <return>  to quit.


! LaTeX Error: File `SIR' not found.

See the LaTeX manual or LaTeX Companion for explanation.
Type  H <return>  for immediate help.
 ...                                              
                                                  
l.573 \includegraphics[width=0.8\textwidth]{SIR}
                                                
I could not locate the file with any of these extensions:
.eps,.ps,.eps.gz,.ps.gz,.eps.Z
Try typing  <return>  to proceed.
If that doesn't work, type  X <return>  to quit.

[15]
Overfull \hbox (14.57939pt too wide) in paragraph at lines 634--636
[]\OT1/cmr/m/n/10 where $[](\OML/cmm/m/it/10 J\OT1/cmr/m/n/10 (\OML/cmm/m/it/10
 S[]; I[]\OT1/cmr/m/n/10 )) = 2 \OMS/cmsy/m/n/10 ^^@ \OML/cmm/m/it/10 b\OMS/cms
y/m/n/10 R[]$ \OT1/cmr/m/n/10 (as-sume $[](\OML/cmm/m/it/10 J\OT1/cmr/m/n/10 (\
OML/cmm/m/it/10 S[]; I[]\OT1/cmr/m/n/10 )) \OMS/cmsy/m/n/10 ^^U \OT1/cmr/m/n/10
 0$), and $[](\OML/cmm/m/it/10 J\OT1/cmr/m/n/10 (\OML/cmm/m/it/10 S[]; I[]\OT1/
cmr/m/n/10 )) =
 []


LaTeX Warning: Reference `theo:stable2dim' on page 16 undefined on input line 6
38.


! LaTeX Error: File `R1' not found.

See the LaTeX manual or LaTeX Companion for explanation.
Type  H <return>  for immediate help.
 ...                                              
                                                  
l.645 \includegraphics[width=.49\textwidth]{R1}
                                               
I could not locate the file with any of these extensions:
.eps,.ps,.eps.gz,.ps.gz,.eps.Z
Try typing  <return>  to proceed.
If that doesn't work, type  X <return>  to quit.


! LaTeX Error: File `R4' not found.

See the LaTeX manual or LaTeX Companion for explanation.
Type  H <return>  for immediate help.
 ...                                              
                                                  
l.646 \includegraphics[width=.49\textwidth]{R4}
                                               
I could not locate the file with any of these extensions:
.eps,.ps,.eps.gz,.ps.gz,.eps.Z
Try typing  <return>  to proceed.
If that doesn't work, type  X <return>  to quit.


LaTeX Warning: `h' float specifier changed to `ht'.

[16] [17]
Overfull \hbox (31.90518pt too wide) in paragraph at lines 722--722
[][]\OT1/cmr/m/n/10 Euclidian dis-tance be-tween two points $\OML/cmm/m/it/10 Y
[] \OT1/cmr/m/n/10 = (\OML/cmm/m/it/10 y[]; y[]; [] ; y[]\OT1/cmr/m/n/10 )$ and
 $\OML/cmm/m/it/10 Y[] \OT1/cmr/m/n/10 = (\OML/cmm/m/it/10 y[]; y[]; [] ; y[]\O
T1/cmr/m/n/10 )$
 []

[18] [19] [20]
Overfull \hbox (9.91399pt too wide) in paragraph at lines 864--868
\OT1/cmr/bx/n/10 Definition 2.10. []\OT1/cmr/m/it/10 (Wron-skian) Sup-pose each
 of the func-tions $\OML/cmm/m/it/10 f[]\OT1/cmr/m/n/10 (\OML/cmm/m/it/10 t\OT1
/cmr/m/n/10 )\OML/cmm/m/it/10 ; f[]\OT1/cmr/m/n/10 (\OML/cmm/m/it/10 t\OT1/cmr/
m/n/10 )\OML/cmm/m/it/10 ; [] ; f[]\OT1/cmr/m/n/10 (\OML/cmm/m/it/10 t\OT1/cmr/
m/n/10 )$
 []

[21] [22] [23]
Overfull \hbox (21.33939pt too wide) detected at line 1021
[] []  [] [] \OT1/cmr/m/n/10 = []
 []

[24] [25] [26]
LaTeX Font Info:    Font shape `OMS/cmr/m/it' in size <10> not available
(Font)              Font shape `OMS/cmsy/m/n' tried instead on input line 1115.

 [27] [28] [29] [30] [31]
Overfull \hbox (23.17941pt too wide) in paragraph at lines 1422--1423
[][]\OT1/cmr/m/n/10 velocity of re-ac-tion $[] = \OML/cmm/m/it/10 K[][]$\OT1/cm
r/m/n/10 , up-take in nu-tri-ent ($[] = \OMS/cmsy/m/n/10 ^^@\OML/cmm/m/it/10 K[
][]$
 []


! LaTeX Error: File `MM' not found.

See the LaTeX manual or LaTeX Companion for explanation.
Type  H <return>  for immediate help.
 ...                                              
                                                  
l.1427 \includegraphics[width=1\textwidth]{MM}
                                              
I could not locate the file with any of these extensions:
.eps,.ps,.eps.gz,.ps.gz,.eps.Z
Try typing  <return>  to proceed.
If that doesn't work, type  X <return>  to quit.


LaTeX Warning: `h' float specifier changed to `ht'.

[32] [33] (./LectureNotes3530_expunged.aux)

LaTeX Warning: There were undefined references.


LaTeX Warning: Label(s) may have changed. Rerun to get cross-references right.

 ) 
Here is how much of TeX's memory you used:
 1771 strings out of 95087
 20643 string characters out of 1183278
 71408 words of memory out of 1500000
 4913 multiletter control sequences out of 10000+50000
 13482 words of font info for 51 fonts, out of 1200000 for 2000
 28 hyphenation exceptions out of 8191
 27i,10n,24p,736b,254s stack positions out of 5000i,500n,6000p,200000b,5000s

Output written on LectureNotes3530_expunged.dvi (33 pages, 125428 bytes).
