This is pdfTeXk, Version 3.141592-1.40.3 (Web2C 7.5.6) (format=latex 2008.2.11)  18 MAR 2008 18:21
entering extended mode
 Source specials enabled.
 %&-line parsing enabled.
**LectureNotes3530.tex
(./LectureNotes3530.tex
LaTeX2e <2005/12/01>
Babel <v3.8h> and hyphenation patterns for english, usenglishmax, dumylang, noh
yphenation, loaded.
(/usr/share/texmf-texlive/tex/latex/base/article.cls
Document Class: article 2005/09/16 v1.4f Standard LaTeX document class
(/usr/share/texmf-texlive/tex/latex/base/size10.clo
File: size10.clo 2005/09/16 v1.4f Standard LaTeX file (size option)
)
\c@part=\count79
\c@section=\count80
\c@subsection=\count81
\c@subsubsection=\count82
\c@paragraph=\count83
\c@subparagraph=\count84
\c@figure=\count85
\c@table=\count86
\abovecaptionskip=\skip41
\belowcaptionskip=\skip42
\bibindent=\dimen102
)
(/usr/share/texmf-texlive/tex/latex/graphics/graphics.sty
Package: graphics 2006/02/20 v1.0o Standard LaTeX Graphics (DPC,SPQR)

(/usr/share/texmf-texlive/tex/latex/graphics/trig.sty
Package: trig 1999/03/16 v1.09 sin cos tan (DPC)
)
(/etc/texmf/tex/latex/config/graphics.cfg
File: graphics.cfg 2007/01/18 v1.5 graphics configuration of teTeX/TeXLive
)
Package graphics Info: Driver file: dvips.def on input line 90.

(/usr/share/texmf-texlive/tex/latex/graphics/dvips.def
File: dvips.def 1999/02/16 v3.0i Driver-dependant file (DPC,SPQR)
))
(/usr/share/texmf-texlive/tex/latex/graphics/graphicx.sty
Package: graphicx 1999/02/16 v1.0f Enhanced LaTeX Graphics (DPC,SPQR)

(/usr/share/texmf-texlive/tex/latex/graphics/keyval.sty
Package: keyval 1999/03/16 v1.13 key=value parser (DPC)
\KV@toks@=\toks14
)
\Gin@req@height=\dimen103
\Gin@req@width=\dimen104
)
(/usr/share/texmf-texlive/tex/latex/amsmath/amsmath.sty
Package: amsmath 2000/07/18 v2.13 AMS math features
\@mathmargin=\skip43

For additional information on amsmath, use the `?' option.
(/usr/share/texmf-texlive/tex/latex/amsmath/amstext.sty
Package: amstext 2000/06/29 v2.01

(/usr/share/texmf-texlive/tex/latex/amsmath/amsgen.sty
File: amsgen.sty 1999/11/30 v2.0
\@emptytoks=\toks15
\ex@=\dimen105
))
(/usr/share/texmf-texlive/tex/latex/amsmath/amsbsy.sty
Package: amsbsy 1999/11/29 v1.2d
\pmbraise@=\dimen106
)
(/usr/share/texmf-texlive/tex/latex/amsmath/amsopn.sty
Package: amsopn 1999/12/14 v2.01 operator names
)
\inf@bad=\count87
LaTeX Info: Redefining \frac on input line 211.
\uproot@=\count88
\leftroot@=\count89
LaTeX Info: Redefining \overline on input line 307.
\classnum@=\count90
\DOTSCASE@=\count91
LaTeX Info: Redefining \ldots on input line 379.
LaTeX Info: Redefining \dots on input line 382.
LaTeX Info: Redefining \cdots on input line 467.
\Mathstrutbox@=\box26
\strutbox@=\box27
\big@size=\dimen107
LaTeX Font Info:    Redeclaring font encoding OML on input line 567.
LaTeX Font Info:    Redeclaring font encoding OMS on input line 568.
\macc@depth=\count92
\c@MaxMatrixCols=\count93
\dotsspace@=\muskip10
\c@parentequation=\count94
\dspbrk@lvl=\count95
\tag@help=\toks16
\row@=\count96
\column@=\count97
\maxfields@=\count98
\andhelp@=\toks17
\eqnshift@=\dimen108
\alignsep@=\dimen109
\tagshift@=\dimen110
\tagwidth@=\dimen111
\totwidth@=\dimen112
\lineht@=\dimen113
\@envbody=\toks18
\multlinegap=\skip44
\multlinetaggap=\skip45
\mathdisplay@stack=\toks19
LaTeX Info: Redefining \[ on input line 2666.
LaTeX Info: Redefining \] on input line 2667.
)
(/usr/share/texmf-texlive/tex/latex/amsfonts/amssymb.sty
Package: amssymb 2002/01/22 v2.2d

(/usr/share/texmf-texlive/tex/latex/amsfonts/amsfonts.sty
Package: amsfonts 2001/10/25 v2.2f
\symAMSa=\mathgroup4
\symAMSb=\mathgroup5
LaTeX Font Info:    Overwriting math alphabet `\mathfrak' in version `bold'
(Font)                  U/euf/m/n --> U/euf/b/n on input line 132.
))
(/usr/share/texmf-texlive/tex/latex/amscls/amsthm.sty
Package: amsthm 2004/08/06 v2.20
\thm@style=\toks20
\thm@bodyfont=\toks21
\thm@headfont=\toks22
\thm@notefont=\toks23
\thm@headpunct=\toks24
\thm@preskip=\skip46
\thm@postskip=\skip47
\thm@headsep=\skip48
\dth@everypar=\toks25
)
(/usr/share/texmf-texlive/tex/latex/subfigure/subfigure.sty
Package: subfigure 2002/03/15 v2.1.5 subfigure package
\subfigtopskip=\skip49
\subfigcapskip=\skip50
\subfigcaptopadj=\dimen114
\subfigbottomskip=\skip51
\subfigcapmargin=\dimen115
\subfiglabelskip=\skip52
\c@subfigure=\count99
\c@lofdepth=\count100
\c@subtable=\count101
\c@lotdepth=\count102

****************************************
* Local config file subfigure.cfg used *
****************************************
(/usr/share/texmf-texlive/tex/latex/subfigure/subfigure.cfg)
\subfig@top=\skip53
\subfig@bottom=\skip54
)
\c@property=\count103
\c@theorem=\count104

(./LectureNotes3530.aux

LaTeX Warning: Label `eq:Leslie3' multiply defined.

)
\openout1 = `LectureNotes3530.aux'.

LaTeX Font Info:    Checking defaults for OML/cmm/m/it on input line 34.
LaTeX Font Info:    ... okay on input line 34.
LaTeX Font Info:    Checking defaults for T1/cmr/m/n on input line 34.
LaTeX Font Info:    ... okay on input line 34.
LaTeX Font Info:    Checking defaults for OT1/cmr/m/n on input line 34.
LaTeX Font Info:    ... okay on input line 34.
LaTeX Font Info:    Checking defaults for OMS/cmsy/m/n on input line 34.
LaTeX Font Info:    ... okay on input line 34.
LaTeX Font Info:    Checking defaults for OMX/cmex/m/n on input line 34.
LaTeX Font Info:    ... okay on input line 34.
LaTeX Font Info:    Checking defaults for U/cmr/m/n on input line 34.
LaTeX Font Info:    ... okay on input line 34.
LaTeX Font Info:    Try loading font information for U+msa on input line 35.
 (/usr/share/texmf-texlive/tex/latex/amsfonts/umsa.fd
File: umsa.fd 2002/01/19 v2.2g AMS font definitions
)
LaTeX Font Info:    Try loading font information for U+msb on input line 35.

(/usr/share/texmf-texlive/tex/latex/amsfonts/umsb.fd
File: umsb.fd 2002/01/19 v2.2g AMS font definitions
)

LaTeX Warning: No \author given.

(./LectureNotes3530.toc
Overfull \hbox (1.27843pt too wide) in paragraph at lines 6--6
 [][][] []\OT1/cmr/m/n/10 Second-order and higher-order lin-ear ho-mo-ge-neous 
equa-tions with 
 []

[1

])
\tf@toc=\write3
\openout3 = `LectureNotes3530.toc'.

 [2]
LaTeX Font Info:    Try loading font information for OMS+cmr on input line 43.
 (/usr/share/texmf-texlive/tex/latex/base/omscmr.fd
File: omscmr.fd 1999/05/25 v2.5h Standard LaTeX font definitions
)
LaTeX Font Info:    Font shape `OMS/cmr/m/n' in size <10> not available
(Font)              Font shape `OMS/cmsy/m/n' tried instead on input line 43.
 [3]
File: figs_steph/FigureMathBio.eps Graphic file (type eps)

<figs_steph/FigureMathBio.eps> [4] [5] [6]
LaTeX Font Info:    Font shape `OMS/cmr/m/it' in size <10> not available
(Font)              Font shape `OMS/cmsy/m/n' tried instead on input line 196.

Overfull \hbox (9.75926pt too wide) in paragraph at lines 206--207
[][]\OT1/cmr/m/n/10 Proof: Let prove by math-e-mat-i-cal in-duc-tion that $\OML
/cmm/m/it/10 x[] \OT1/cmr/m/n/10 = [] \OML/cmm/m/it/10 x[] \OT1/cmr/m/n/10 +
 []


Overfull \hbox (75.67787pt too wide) detected at line 214
\OML/cmm/m/it/10 x[] \OT1/cmr/m/n/10 = \OML/cmm/m/it/10 a\OT1/cmr/m/n/10 (\OML/
cmm/m/it/10 t\OT1/cmr/m/n/10 )\OML/cmm/m/it/10 x[] \OT1/cmr/m/n/10 + \OML/cmm/m
/it/10 b\OT1/cmr/m/n/10 (\OML/cmm/m/it/10 t\OT1/cmr/m/n/10 ) = \OML/cmm/m/it/10
 a\OT1/cmr/m/n/10 (\OML/cmm/m/it/10 t\OT1/cmr/m/n/10 ) [] + \OML/cmm/m/it/10 b\
OT1/cmr/m/n/10 (\OML/cmm/m/it/10 t\OT1/cmr/m/n/10 )
 []


Overfull \hbox (22.99187pt too wide) detected at line 215
\OML/cmm/m/it/10 x[] \OT1/cmr/m/n/10 = [] \OML/cmm/m/it/10 x[] \OT1/cmr/m/n/10 
+ \OML/cmm/m/it/10 a\OT1/cmr/m/n/10 (\OML/cmm/m/it/10 t\OT1/cmr/m/n/10 )\OML/cm
m/m/it/10 b\OT1/cmr/m/n/10 (\OML/cmm/m/it/10 t \OMS/cmsy/m/n/10 ^^@ \OT1/cmr/m/
n/10 1) + [] [] \OML/cmm/m/it/10 b\OT1/cmr/m/n/10 (\OML/cmm/m/it/10 i\OT1/cmr/m
/n/10 ) + \OML/cmm/m/it/10 b\OT1/cmr/m/n/10 (\OML/cmm/m/it/10 t\OT1/cmr/m/n/10 
)
 []

[7]
Overfull \hbox (7.11462pt too wide) in paragraph at lines 222--222
[]\OT1/cmr/bx/n/14.4 Second-order and higher-order lin-ear equa-tions 
 []


Overfull \hbox (16.24863pt too wide) in paragraph at lines 260--260
[]\OT1/cmr/bx/n/12 Second-order and higher-order lin-ear ho-mo-ge-neous equa-
 []

[8]
File: figs_steph/FigurePhase.eps Graphic file (type eps)
 <figs_steph/FigurePhase.eps> [9]
Overfull \hbox (3.15141pt too wide) in paragraph at lines 317--317
[]\OT1/cmr/bx/n/12 Second-order and higher-order lin-ear non-ho-mo-ge-neous
 []


Overfull \hbox (20.66829pt too wide) in paragraph at lines 325--327
[]\OT1/cmr/m/it/10 where $\OML/cmm/m/it/10 x[]$ \OT1/cmr/m/it/10 is a par-tic-u
-lar so-lu-tion of the non-ho-mo-ge-neous equa-tion and $\OMS/cmsy/m/n/10 f\OML
/cmm/m/it/10 x[]; x[]; [] ; x[]\OMS/cmsy/m/n/10 g$
 []

[10] [11] [12] [13] [14] [15]
File: figs_steph/LesliePattern.eps Graphic file (type eps)
 <figs_steph/LesliePattern.eps> [16]
Overfull \hbox (10.71062pt too wide) detected at line 647
\OML/cmm/m/it/10 X\OT1/cmr/m/n/10 (\OML/cmm/m/it/10 t \OT1/cmr/m/n/10 + 1) = []
 = [] [] = \OML/cmm/m/it/10 LX\OT1/cmr/m/n/10 (\OML/cmm/m/it/10 t\OT1/cmr/m/n/1
0 )
 []

[17] [18]
Overfull \hbox (11.57721pt too wide) detected at line 781
\OML/cmm/m/it/10 X\OT1/cmr/m/n/10 (\OML/cmm/m/it/10 t \OT1/cmr/m/n/10 + 1) = []
 = [] [] = \OML/cmm/m/it/10 LX\OT1/cmr/m/n/10 (\OML/cmm/m/it/10 t\OT1/cmr/m/n/1
0 )
 []

[19]
Overfull \hbox (1.31616pt too wide) in paragraph at lines 805--806
[]\OT1/cmr/m/n/10 Suppose that we con-duct some ex-per-i-ment with a set of $\O
ML/cmm/m/it/10 k$ \OT1/cmr/m/n/10 states $\OML/cmm/m/it/10 S \OT1/cmr/m/n/10 = 
\OMS/cmsy/m/n/10 f\OML/cmm/m/it/10 s[]; [] ; s[]\OMS/cmsy/m/n/10 g$\OT1/cmr/m/n
/10 .
 []

[20] [21]
File: figs_steph/Binary_fission.eps Graphic file (type eps)
 <figs_steph/Binary_fission.eps> [22]
File: figs_steph/Mitosis.eps Graphic file (type eps)
 <figs_steph/Mitosis.eps>
[23] [24] [25] [26]
Missing character: There is no “ in font cmr10!
Missing character: There is no ” in font cmr10!

Overfull \hbox (137.99579pt too wide) in paragraph at lines 1101--1101
[][]\OT1/cmtt/m/n/10 L=[0 0.0043 0.1123 0;.9775 0.9111 0 0;0 .0736 0.9534 0;0 0
 0.0452 0.9804];x0=[10;60;110;70];[] 
 []

[27]
Overfull \hbox (64.49643pt too wide) in paragraph at lines 1101--1101
[]\OT1/cmtt/m/n/10 legend('Yearlings', 'Juveniles', 'Mature females','Post-repr
oductive females')[] 
 []


Overfull \hbox (43.49661pt too wide) in paragraph at lines 1101--1101
[]\OT1/cmtt/m/n/10 L=[0 0.0043 0.1123 0;.9775 0.9111 0 0;0 .0736 0.9534 0;0 0 0
.0452 0.9804];[] 
 []


Overfull \hbox (105.47302pt too wide) in paragraph at lines 1134--1135
[][]\OT1/cmr/m/n/10 The dom-i-nat-ing eigen-value is $1\OML/cmm/m/it/10 :\OT1/c
mr/m/n/10 0251$, and the as-so-ci-ated eigen-vec-tor is $(0\OML/cmm/m/it/10 :\O
T1/cmr/m/n/10 0658\OML/cmm/m/it/10 ; \OT1/cmr/m/n/10 0\OML/cmm/m/it/10 :\OT1/cm
r/m/n/10 5640\OML/cmm/m/it/10 ; \OT1/cmr/m/n/10 0\OML/cmm/m/it/10 :\OT1/cmr/m/n
/10 5789\OML/cmm/m/it/10 ; \OT1/cmr/m/n/10 0\OML/cmm/m/it/10 :\OT1/cmr/m/n/10 5
852)$.
 []

[28]
File: figs_steph/KillerWhales.eps Graphic file (type eps)
 <figs_steph/KillerWhales.eps> [29]
Missing character: There is no ’ in font cmr10!
Missing character: There is no ’ in font cmr10!
Missing character: There is no ’ in font cmr10!

Overfull \hbox (34.99146pt too wide) in paragraph at lines 1192--1194
\OT1/cmr/m/n/10 ground lit-ter, or com-bi-na-tions. In-side the "co-coon/shelte
r/chamber/capsule/case"
 []

[30]
File: figs_steph/insect_life_cycle.eps Graphic file (type eps)
 <figs_steph/insect_life_cycle.eps> [31] [32] [33]
Overfull \hbox (21.64857pt too wide) in paragraph at lines 1338--1339
\OML/cmm/m/it/10 k \OT1/cmr/m/n/10 = 1\OML/cmm/m/it/10 ; [] ; m$\OT1/cmr/m/it/1
0 , $[]$ is a pe-ri-odic so-lu-tion of pe-riod $\OML/cmm/m/it/10 m$\OT1/cmr/m/i
t/10 . The set $\OMS/cmsy/m/n/10 f[]\OML/cmm/m/it/10 ; f\OT1/cmr/m/n/10 ([])\OM
L/cmm/m/it/10 ; [] ; f[]\OT1/cmr/m/n/10 ([])\OMS/cmsy/m/n/10 g$
 []

[34] [35]
Overfull \hbox (1.82552pt too wide) in paragraph at lines 1442--1443
\OT1/cmr/bx/n/10 Theorem 6.12. []\OT1/cmr/m/it/10 Sup-pose $\OML/cmm/m/it/10 f[
]$ \OT1/cmr/m/it/10 is con-tin-u-ous on an open in-ter-val $\OML/cmm/m/it/10 I$
 \OT1/cmr/m/it/10 and the $\OML/cmm/m/it/10 m\OMS/cmsy/m/n/10 ^^@$\OT1/cmr/m/it
/10 cycle 
 []

[36] [37] [38] [39]
Overfull \hbox (39.16307pt too wide) detected at line 1614
\OML/cmm/m/it/10 f\OT1/cmr/m/n/10 (\OML/cmm/m/it/10 x; y\OT1/cmr/m/n/10 ) = \OM
L/cmm/m/it/10 f\OT1/cmr/m/n/10 ([]\OML/cmm/m/it/10 ; []\OT1/cmr/m/n/10 ) + [][]
 (\OML/cmm/m/it/10 x \OMS/cmsy/m/n/10 ^^@ []\OT1/cmr/m/n/10 ) + [][] (\OML/cmm/
m/it/10 y \OMS/cmsy/m/n/10 ^^@ []\OT1/cmr/m/n/10 ) + [][] [] + [][] [] [] 
 []

[40]

! LaTeX Error: File `Eigen' not found.

See the LaTeX manual or LaTeX Companion for explanation.
Type  H <return>  for immediate help.
 ...                                              
                                                  
l.1684 \includegraphics[width=.8\textwidth]{Eigen}
                                                  
I could not locate the file with any of these extensions:
.eps,.ps,.eps.gz,.ps.gz,.eps.Z
Try typing  <return>  to proceed.
If that doesn't work, type  X <return>  to quit.

[41]
Overfull \hbox (66.88441pt too wide) in paragraph at lines 1692--1693
[][]\OT1/cmr/m/n/10 Consider a first-order sys-tem of $\OML/cmm/m/it/10 n$ \OT1
/cmr/m/n/10 non-lin-ear equa-tions $\OML/cmm/m/it/10 X\OT1/cmr/m/n/10 (\OML/cmm
/m/it/10 t\OT1/cmr/m/n/10 ) = (\OML/cmm/m/it/10 x[]\OT1/cmr/m/n/10 (\OML/cmm/m/
it/10 t\OT1/cmr/m/n/10 )\OML/cmm/m/it/10 ; x[]\OT1/cmr/m/n/10 (\OML/cmm/m/it/10
 t\OT1/cmr/m/n/10 )\OML/cmm/m/it/10 ; x[]\OT1/cmr/m/n/10 (\OML/cmm/m/it/10 t\OT
1/cmr/m/n/10 )\OML/cmm/m/it/10 ; [] ; x[]\OT1/cmr/m/n/10 (\OML/cmm/m/it/10 t\OT
1/cmr/m/n/10 ))[]$ 
 []


Overfull \hbox (10.04176pt too wide) in paragraph at lines 1693--1695
[]\OT1/cmr/m/n/10 where $\OML/cmm/m/it/10 F \OT1/cmr/m/n/10 = (\OML/cmm/m/it/10
 f[]; f[]; f[]; [] ; f[]\OT1/cmr/m/n/10 )[]$ with $\OML/cmm/m/it/10 f[] \OT1/cm
r/m/n/10 = \OML/cmm/m/it/10 f[]\OT1/cmr/m/n/10 (\OML/cmm/m/it/10 x[]; x[]; x[];
 [] ; x[]\OT1/cmr/m/n/10 )$ for $\OML/cmm/m/it/10 i \OT1/cmr/m/n/10 = 1\OML/cmm
/m/it/10 ; \OT1/cmr/m/n/10 2\OML/cmm/m/it/10 ; \OT1/cmr/m/n/10 3\OML/cmm/m/it/1
0 ; [] ; n$\OT1/cmr/m/n/10 .
 []


Overfull \hbox (14.7877pt too wide) in paragraph at lines 1708--1710
[]\OT1/cmr/m/n/10 The eigen-val-ues of the Ja-co-bian $\OML/cmm/m/it/10 J$ \OT1
/cmr/m/n/10 de-ter-mine the lo-cal sta-bil-ity of the $\OML/cmm/m/it/10 n\OMS/c
msy/m/n/10 ^^@$\OT1/cmr/m/n/10 dimensional
 []

[42] [43] [44] [45]

! LaTeX Error: File `cascade_full' not found.

See the LaTeX manual or LaTeX Companion for explanation.
Type  H <return>  for immediate help.
 ...                                              
                                                  
l.1898 ...phics[width=0.5\textwidth]{cascade_full}
                                                  
I could not locate the file with any of these extensions:
.eps,.ps,.eps.gz,.ps.gz,.eps.Z
Try typing  <return>  to proceed.
If that doesn't work, type  X <return>  to quit.

[46]
Overfull \hbox (55.82748pt too wide) detected at line 1991
\OML/cmm/m/it/10 J[] \OT1/cmr/m/n/10 = []  \OML/cmm/m/it/10 J[] \OT1/cmr/m/n/10
 = []  \OML/cmm/m/it/10 J[] \OT1/cmr/m/n/10 = []
 []

[47] [48]

! LaTeX Error: File `rzero' not found.

See the LaTeX manual or LaTeX Companion for explanation.
Type  H <return>  for immediate help.
 ...                                              
                                                  
l.2067 \includegraphics[width=.8\textwidth]{rzero}
                                                  
I could not locate the file with any of these extensions:
.eps,.ps,.eps.gz,.ps.gz,.eps.Z
Try typing  <return>  to proceed.
If that doesn't work, type  X <return>  to quit.


! LaTeX Error: File `SIR' not found.

See the LaTeX manual or LaTeX Companion for explanation.
Type  H <return>  for immediate help.
 ...                                              
                                                  
l.2075 \includegraphics[width=0.8\textwidth]{SIR}
                                                 
I could not locate the file with any of these extensions:
.eps,.ps,.eps.gz,.ps.gz,.eps.Z
Try typing  <return>  to proceed.
If that doesn't work, type  X <return>  to quit.

[49] [50]
Overfull \hbox (14.57939pt too wide) in paragraph at lines 2136--2138
[]\OT1/cmr/m/n/10 where $[](\OML/cmm/m/it/10 J\OT1/cmr/m/n/10 (\OML/cmm/m/it/10
 S[]; I[]\OT1/cmr/m/n/10 )) = 2 \OMS/cmsy/m/n/10 ^^@ \OML/cmm/m/it/10 b\OMS/cms
y/m/n/10 R[]$ \OT1/cmr/m/n/10 (as-sume $[](\OML/cmm/m/it/10 J\OT1/cmr/m/n/10 (\
OML/cmm/m/it/10 S[]; I[]\OT1/cmr/m/n/10 )) \OMS/cmsy/m/n/10 ^^U \OT1/cmr/m/n/10
 0$), and $[](\OML/cmm/m/it/10 J\OT1/cmr/m/n/10 (\OML/cmm/m/it/10 S[]; I[]\OT1/
cmr/m/n/10 )) =
 []


! LaTeX Error: File `R1' not found.

See the LaTeX manual or LaTeX Companion for explanation.
Type  H <return>  for immediate help.
 ...                                              
                                                  
l.2147 \includegraphics[width=.49\textwidth]{R1}
                                                
I could not locate the file with any of these extensions:
.eps,.ps,.eps.gz,.ps.gz,.eps.Z
Try typing  <return>  to proceed.
If that doesn't work, type  X <return>  to quit.


! LaTeX Error: File `R4' not found.

See the LaTeX manual or LaTeX Companion for explanation.
Type  H <return>  for immediate help.
 ...                                              
                                                  
l.2148 \includegraphics[width=.49\textwidth]{R4}
                                                
I could not locate the file with any of these extensions:
.eps,.ps,.eps.gz,.ps.gz,.eps.Z
Try typing  <return>  to proceed.
If that doesn't work, type  X <return>  to quit.

[51] [52]
Overfull \hbox (31.90518pt too wide) in paragraph at lines 2224--2224
[][]\OT1/cmr/m/n/10 Euclidian dis-tance be-tween two points $\OML/cmm/m/it/10 Y
[] \OT1/cmr/m/n/10 = (\OML/cmm/m/it/10 y[]; y[]; [] ; y[]\OT1/cmr/m/n/10 )$ and
 $\OML/cmm/m/it/10 Y[] \OT1/cmr/m/n/10 = (\OML/cmm/m/it/10 y[]; y[]; [] ; y[]\O
T1/cmr/m/n/10 )$
 []

[53] [54] [55]
Overfull \hbox (9.91399pt too wide) in paragraph at lines 2366--2370
\OT1/cmr/bx/n/10 Definition 8.10. []\OT1/cmr/m/it/10 (Wron-skian) Sup-pose each
 of the func-tions $\OML/cmm/m/it/10 f[]\OT1/cmr/m/n/10 (\OML/cmm/m/it/10 t\OT1
/cmr/m/n/10 )\OML/cmm/m/it/10 ; f[]\OT1/cmr/m/n/10 (\OML/cmm/m/it/10 t\OT1/cmr/
m/n/10 )\OML/cmm/m/it/10 ; [] ; f[]\OT1/cmr/m/n/10 (\OML/cmm/m/it/10 t\OT1/cmr/
m/n/10 )$
 []

[56] [57] [58]
Overfull \hbox (21.33939pt too wide) detected at line 2523
[] []  [] [] \OT1/cmr/m/n/10 = []
 []

[59] [60] [61] [62] [63] [64] [65] [66]
Overfull \hbox (23.17941pt too wide) in paragraph at lines 2924--2925
[][]\OT1/cmr/m/n/10 velocity of re-ac-tion $[] = \OML/cmm/m/it/10 K[][]$\OT1/cm
r/m/n/10 , up-take in nu-tri-ent ($[] = \OMS/cmsy/m/n/10 ^^@\OML/cmm/m/it/10 K[
][]$
 []


! LaTeX Error: File `MM' not found.

See the LaTeX manual or LaTeX Companion for explanation.
Type  H <return>  for immediate help.
 ...                                              
                                                  
l.2929 \includegraphics[width=1\textwidth]{MM}
                                              
I could not locate the file with any of these extensions:
.eps,.ps,.eps.gz,.ps.gz,.eps.Z
Try typing  <return>  to proceed.
If that doesn't work, type  X <return>  to quit.

[67] [68] (./LectureNotes3530.aux)

LaTeX Warning: There were multiply-defined labels.

 ) 
Here is how much of TeX's memory you used:
 1816 strings out of 95087
 21178 string characters out of 1183278
 73408 words of memory out of 1500000
 4949 multiletter control sequences out of 10000+50000
 13650 words of font info for 52 fonts, out of 1200000 for 2000
 28 hyphenation exceptions out of 8191
 27i,11n,24p,727b,307s stack positions out of 5000i,500n,6000p,200000b,5000s

Output written on LectureNotes3530.dvi (68 pages, 252196 bytes).
