This is pdfTeXk, Version 3.141592-1.40.3 (Web2C 7.5.6) (format=latex 2008.2.11)  8 APR 2008 11:27
entering extended mode
 Source specials enabled.
 %&-line parsing enabled.
**math3820_lecture_notes.tex
(./math3820_lecture_notes.tex
LaTeX2e <2005/12/01>
Babel <v3.8h> and hyphenation patterns for english, usenglishmax, dumylang, noh
yphenation, loaded.
(/usr/share/texmf-texlive/tex/latex/base/report.cls
Document Class: report 2005/09/16 v1.4f Standard LaTeX document class
(/usr/share/texmf-texlive/tex/latex/base/size12.clo
File: size12.clo 2005/09/16 v1.4f Standard LaTeX file (size option)
)
\c@part=\count79
\c@chapter=\count80
\c@section=\count81
\c@subsection=\count82
\c@subsubsection=\count83
\c@paragraph=\count84
\c@subparagraph=\count85
\c@figure=\count86
\c@table=\count87
\abovecaptionskip=\skip41
\belowcaptionskip=\skip42
\bibindent=\dimen102
)
(/usr/share/texmf-texlive/tex/latex/srcltx/srcltx.sty
Package: srcltx 2006/11/12 v1.6 Source specials for inverse search in DVI files


(/usr/share/texmf-texlive/tex/latex/base/ifthen.sty
Package: ifthen 2001/05/26 v1.1c Standard LaTeX ifthen package (DPC)
)
\src@lastline=\count88
\src@new@everypar=\toks14
\src@new@output=\toks15
)
(/usr/share/texmf-texlive/tex/latex/amsmath/amsmath.sty
Package: amsmath 2000/07/18 v2.13 AMS math features
\@mathmargin=\skip43

For additional information on amsmath, use the `?' option.
(/usr/share/texmf-texlive/tex/latex/amsmath/amstext.sty
Package: amstext 2000/06/29 v2.01

(/usr/share/texmf-texlive/tex/latex/amsmath/amsgen.sty
File: amsgen.sty 1999/11/30 v2.0
\@emptytoks=\toks16
\ex@=\dimen103
))
(/usr/share/texmf-texlive/tex/latex/amsmath/amsbsy.sty
Package: amsbsy 1999/11/29 v1.2d
\pmbraise@=\dimen104
)
(/usr/share/texmf-texlive/tex/latex/amsmath/amsopn.sty
Package: amsopn 1999/12/14 v2.01 operator names
)
\inf@bad=\count89
LaTeX Info: Redefining \frac on input line 211.
\uproot@=\count90
\leftroot@=\count91
LaTeX Info: Redefining \overline on input line 307.
\classnum@=\count92
\DOTSCASE@=\count93
LaTeX Info: Redefining \ldots on input line 379.
LaTeX Info: Redefining \dots on input line 382.
LaTeX Info: Redefining \cdots on input line 467.
\Mathstrutbox@=\box26
\strutbox@=\box27
\big@size=\dimen105
LaTeX Font Info:    Redeclaring font encoding OML on input line 567.
LaTeX Font Info:    Redeclaring font encoding OMS on input line 568.
\macc@depth=\count94
\c@MaxMatrixCols=\count95
\dotsspace@=\muskip10
\c@parentequation=\count96
\dspbrk@lvl=\count97
\tag@help=\toks17
\row@=\count98
\column@=\count99
\maxfields@=\count100
\andhelp@=\toks18
\eqnshift@=\dimen106
\alignsep@=\dimen107
\tagshift@=\dimen108
\tagwidth@=\dimen109
\totwidth@=\dimen110
\lineht@=\dimen111
\@envbody=\toks19
\multlinegap=\skip44
\multlinetaggap=\skip45
\mathdisplay@stack=\toks20
LaTeX Info: Redefining \[ on input line 2666.
LaTeX Info: Redefining \] on input line 2667.
)
(/usr/share/texmf-texlive/tex/latex/amsfonts/amsfonts.sty
Package: amsfonts 2001/10/25 v2.2f
\symAMSa=\mathgroup4
\symAMSb=\mathgroup5
LaTeX Font Info:    Overwriting math alphabet `\mathfrak' in version `bold'
(Font)                  U/euf/m/n --> U/euf/b/n on input line 132.
)
(/usr/share/texmf-texlive/tex/latex/amsfonts/amssymb.sty
Package: amssymb 2002/01/22 v2.2d
)
(/usr/share/texmf-texlive/tex/latex/amscls/amsthm.sty
Package: amsthm 2004/08/06 v2.20
\thm@style=\toks21
\thm@bodyfont=\toks22
\thm@headfont=\toks23
\thm@notefont=\toks24
\thm@headpunct=\toks25
\thm@preskip=\skip46
\thm@postskip=\skip47
\thm@headsep=\skip48
\dth@everypar=\toks26
)
(/usr/share/texmf-texlive/tex/latex/esint/esint.sty
Package: esint 
\symlargesymbolsA=\mathgroup6
)
(/usr/share/texmf-texlive/tex/latex/easy/easybmat.sty
Document Style `easybmat' v1.0 <2001/06/13>.
(/usr/share/texmf-texlive/tex/latex/easy/easy.sty
Document Style `easy' v1.1 <2001/05/31>.
Package: easy 2001/05/31 v1.1
\@easy@level=\count101
\@easy@ncol=\count102
\@easy@nrow=\count103
\@easy@cnt=\count104
\@easy@boxviii=\box28
\@easy@minxviii=\dimen112
\@easy@minyviii=\dimen113
\@easy@maxxviii=\dimen114
\@easy@maxyviii=\dimen115
\@easy@boxvii=\box29
\@easy@minxvii=\dimen116
\@easy@minyvii=\dimen117
\@easy@maxxvii=\dimen118
\@easy@maxyvii=\dimen119
\@easy@boxvi=\box30
\@easy@minxvi=\dimen120
\@easy@minyvi=\dimen121
\@easy@maxxvi=\dimen122
\@easy@maxyvi=\dimen123
\@easy@boxv=\box31
\@easy@minxv=\dimen124
\@easy@minyv=\dimen125
\@easy@maxxv=\dimen126
\@easy@maxyv=\dimen127
\@easy@boxiv=\box32
\@easy@minxiv=\dimen128
\@easy@minyiv=\dimen129
\@easy@maxxiv=\dimen130
\@easy@maxyiv=\dimen131
\@easy@boxiii=\box33
\@easy@minxiii=\dimen132
\@easy@minyiii=\dimen133
\@easy@maxxiii=\dimen134
\@easy@maxyiii=\dimen135
\@easy@boxii=\box34
\@easy@minxii=\dimen136
\@easy@minyii=\dimen137
\@easy@maxxii=\dimen138
\@easy@maxyii=\dimen139
\@easy@boxi=\box35
\@easy@minxi=\dimen140
\@easy@minyi=\dimen141
\@easy@maxxi=\dimen142
\@easy@maxyi=\dimen143
\@easy@hsizexxx=\dimen144
\@easy@vsizexxx=\dimen145
\@easy@hsizexxix=\dimen146
\@easy@vsizexxix=\dimen147
\@easy@hsizexxviii=\dimen148
\@easy@vsizexxviii=\dimen149
\@easy@hsizexxvii=\dimen150
\@easy@vsizexxvii=\dimen151
\@easy@hsizexxvi=\dimen152
\@easy@vsizexxvi=\dimen153
\@easy@hsizexxv=\dimen154
\@easy@vsizexxv=\dimen155
\@easy@hsizexxiv=\dimen156
\@easy@vsizexxiv=\dimen157
\@easy@hsizexxiii=\dimen158
\@easy@vsizexxiii=\dimen159
\@easy@hsizexxii=\dimen160
\@easy@vsizexxii=\dimen161
\@easy@hsizexxi=\dimen162
\@easy@vsizexxi=\dimen163
\@easy@hsizexx=\dimen164
\@easy@vsizexx=\dimen165
\@easy@hsizexix=\dimen166
\@easy@vsizexix=\dimen167
\@easy@hsizexviii=\dimen168
\@easy@vsizexviii=\dimen169
\@easy@hsizexvii=\dimen170
\@easy@vsizexvii=\dimen171
\@easy@hsizexvi=\dimen172
\@easy@vsizexvi=\dimen173
\@easy@hsizexv=\dimen174
\@easy@vsizexv=\dimen175
\@easy@hsizexiv=\dimen176
\@easy@vsizexiv=\dimen177
\@easy@hsizexiii=\dimen178
\@easy@vsizexiii=\dimen179
\@easy@hsizexii=\dimen180
\@easy@vsizexii=\dimen181
\@easy@hsizexi=\dimen182
\@easy@vsizexi=\dimen183
\@easy@hsizex=\dimen184
\@easy@vsizex=\dimen185
\@easy@hsizeix=\dimen186
\@easy@vsizeix=\dimen187
\@easy@hsizeviii=\dimen188
\@easy@vsizeviii=\dimen189
\@easy@hsizevii=\dimen190
\@easy@vsizevii=\dimen191
\@easy@hsizevi=\dimen192
\@easy@vsizevi=\dimen193
\@easy@hsizev=\dimen194
\@easy@vsizev=\dimen195
\@easy@hsizeiv=\dimen196
\@easy@vsizeiv=\dimen197
\@easy@hsizeiii=\dimen198
\@easy@vsizeiii=\dimen199
\@easy@hsizeii=\dimen200
\@easy@vsizeii=\dimen201
\@easy@hsizei=\dimen202
\@easy@vsizei=\dimen203
\@easy@dash@len=\dimen204
\@easy@dash@sep=\dimen205
)
Package: easybmat 2001/05/31 v1.1
\@bmat@size@rule=\dimen206
\@bmat@size@dash=\dimen207
) (/usr/share/texmf-texlive/tex/latex/graphics/graphicx.sty
Package: graphicx 1999/02/16 v1.0f Enhanced LaTeX Graphics (DPC,SPQR)

(/usr/share/texmf-texlive/tex/latex/graphics/keyval.sty
Package: keyval 1999/03/16 v1.13 key=value parser (DPC)
\KV@toks@=\toks27
)
(/usr/share/texmf-texlive/tex/latex/graphics/graphics.sty
Package: graphics 2006/02/20 v1.0o Standard LaTeX Graphics (DPC,SPQR)

(/usr/share/texmf-texlive/tex/latex/graphics/trig.sty
Package: trig 1999/03/16 v1.09 sin cos tan (DPC)
)
(/etc/texmf/tex/latex/config/graphics.cfg
File: graphics.cfg 2007/01/18 v1.5 graphics configuration of teTeX/TeXLive
)
Package graphics Info: Driver file: dvips.def on input line 90.
Package srcltx Info: Expanded filename `dvips.def' to `dvips.def.tex' on input 
line 91.

:<+ dvips.def.tex
(/usr/share/texmf-texlive/tex/latex/graphics/dvips.def
File: dvips.def 1999/02/16 v3.0i Driver-dependant file (DPC,SPQR)
)
:<-
)
\Gin@req@height=\dimen208
\Gin@req@width=\dimen209
) (/usr/share/texmf-texlive/tex/latex/hyperref/hyperref.sty
Package: hyperref 2007/02/07 v6.75r Hypertext links for LaTeX
\@linkdim=\dimen210
\Hy@linkcounter=\count105
\Hy@pagecounter=\count106
Package srcltx Info: Expanded filename `pd1enc.def' to `pd1enc.def.tex' on inpu
t line 460.

:<+ pd1enc.def.tex
(/usr/share/texmf-texlive/tex/latex/hyperref/pd1enc.def
File: pd1enc.def 2007/02/07 v6.75r Hyperref: PDFDocEncoding definition (HO)
)
:<-
(/etc/texmf/tex/latex/config/hyperref.cfg
File: hyperref.cfg 2002/06/06 v1.2 hyperref configuration of TeXLive
)
(/usr/share/texmf-texlive/tex/latex/oberdiek/kvoptions.sty
Package: kvoptions 2006/08/22 v2.4 Connects package keyval with LaTeX options (
HO)
)
Package hyperref Info: Hyper figures OFF on input line 2288.
Package hyperref Info: Link nesting OFF on input line 2293.
Package hyperref Info: Hyper index ON on input line 2296.
Package hyperref Info: Plain pages OFF on input line 2303.
Package hyperref Info: Backreferencing OFF on input line 2308.

Implicit mode ON; LaTeX internals redefined
Package hyperref Info: Bookmarks ON on input line 2444.
(/usr/share/texmf-texlive/tex/latex/ltxmisc/url.sty
\Urlmuskip=\muskip11
Package: url 2005/06/27  ver 3.2  Verb mode for urls, etc.
)
LaTeX Info: Redefining \url on input line 2599.
\Fld@menulength=\count107
\Field@Width=\dimen211
\Fld@charsize=\dimen212
\Choice@toks=\toks28
\Field@toks=\toks29
Package hyperref Info: Hyper figures OFF on input line 3102.
Package hyperref Info: Link nesting OFF on input line 3107.
Package hyperref Info: Hyper index ON on input line 3110.
Package hyperref Info: backreferencing OFF on input line 3117.
Package hyperref Info: Link coloring OFF on input line 3122.
\Hy@abspage=\count108
\c@Item=\count109
\c@Hfootnote=\count110
)
*hyperref using default driver hdvips*
Package srcltx Info: Expanded filename `hdvips.def' to `hdvips.def.tex' on inpu
t line 11.
:<+ hdvips.def.tex
(/usr/share/texmf-texlive/tex/latex/hyperref/hdvips.def
File: hdvips.def 2007/02/07 v6.75r Hyperref driver for dvips
Package srcltx Info: Expanded filename `pdfmark.def' to `pdfmark.def.tex' on in
put line 27.

:<+ pdfmark.def.tex
(/usr/share/texmf-texlive/tex/latex/hyperref/pdfmark.def
File: pdfmark.def 2007/02/07 v6.75r Hyperref definitions for pdfmark specials
\pdf@docset=\toks30
\pdf@box=\box36
\pdf@toks=\toks31
\pdf@defaulttoks=\toks32
\Fld@listcount=\count111
)
:<-
)
:<-
(/usr/share/texmf-texlive/tex/latex/fancyhdr/fancyhdr.sty
\fancy@headwidth=\skip49
\f@ncyO@elh=\skip50
\f@ncyO@erh=\skip51
\f@ncyO@olh=\skip52
\f@ncyO@orh=\skip53
\f@ncyO@elf=\skip54
\f@ncyO@erf=\skip55
\f@ncyO@olf=\skip56
\f@ncyO@orf=\skip57
)
(/usr/share/texmf-texlive/tex/latex/subfigure/subfigure.sty
Package: subfigure 2002/03/15 v2.1.5 subfigure package
\subfigtopskip=\skip58
\subfigcapskip=\skip59
\subfigcaptopadj=\dimen213
\subfigbottomskip=\skip60
\subfigcapmargin=\dimen214
\subfiglabelskip=\skip61
\c@subfigure=\count112
\c@lofdepth=\count113
\c@subtable=\count114
\c@lotdepth=\count115

****************************************
* Local config file subfigure.cfg used *
****************************************
(/usr/share/texmf-texlive/tex/latex/subfigure/subfigure.cfg)
\subfig@top=\skip62
\subfig@bottom=\skip63
)
(/usr/share/texmf-texlive/tex/latex/graphics/color.sty
Package: color 2005/11/14 v1.0j Standard LaTeX Color (DPC)

(/etc/texmf/tex/latex/config/color.cfg
File: color.cfg 2007/01/18 v1.5 color configuration of teTeX/TeXLive
)
Package color Info: Driver file: dvips.def on input line 130.
Package srcltx Info: Expanded filename `dvipsnam.def' to `dvipsnam.def.tex' on 
input line 133.

:<+ dvipsnam.def.tex
(/usr/share/texmf-texlive/tex/latex/graphics/dvipsnam.def
File: dvipsnam.def 1999/02/16 v3.0i Driver-dependant file (DPC,SPQR)
)
:<-
) (/usr/share/texmf-texlive/tex/latex/ltxmisc/cancel.sty
Package: cancel 2000/03/12 v2.1 Cancel math terms
)
\c@theorem=\count116
\c@atheorem=\count117
\c@cmpt_exercise=\count118

(/usr/share/texmf-texlive/tex/latex/caption/caption.sty
Package: caption 2007/01/07 v3.0k Customising captions (AR)

(/usr/share/texmf-texlive/tex/latex/caption/caption3.sty
Package: caption3 2007/01/07 v3.0k caption3 kernel (AR)
\captionmargin=\dimen215
\captionmarginx=\dimen216
\captionwidth=\dimen217
\captionindent=\dimen218
\captionparindent=\dimen219
\captionhangindent=\dimen220
)
Package caption Info: hyperref package v6.74m (or newer) detected on input line
 304.
)
(./math3820_lecture_notes.aux

LaTeX Warning: Label `eq:Leslie3' multiply defined.

)
\openout1 = `math3820_lecture_notes.aux'.

LaTeX Font Info:    Checking defaults for OML/cmm/m/it on input line 156.
LaTeX Font Info:    ... okay on input line 156.
LaTeX Font Info:    Checking defaults for T1/cmr/m/n on input line 156.
LaTeX Font Info:    ... okay on input line 156.
LaTeX Font Info:    Checking defaults for OT1/cmr/m/n on input line 156.
LaTeX Font Info:    ... okay on input line 156.
LaTeX Font Info:    Checking defaults for OMS/cmsy/m/n on input line 156.
LaTeX Font Info:    ... okay on input line 156.
LaTeX Font Info:    Checking defaults for OMX/cmex/m/n on input line 156.
LaTeX Font Info:    ... okay on input line 156.
LaTeX Font Info:    Checking defaults for U/cmr/m/n on input line 156.
LaTeX Font Info:    ... okay on input line 156.
LaTeX Font Info:    Checking defaults for PD1/pdf/m/n on input line 156.
LaTeX Font Info:    ... okay on input line 156.
Package hyperref Info: Link coloring OFF on input line 156.
 (/usr/share/texmf-texlive/tex/latex/hyperref/nameref.sty
Package: nameref 2006/12/27 v2.28 Cross-referencing by name of section

(/usr/share/texmf-texlive/tex/latex/oberdiek/refcount.sty
Package: refcount 2006/02/20 v3.0 Data extraction from references (HO)
)
\c@section@level=\count119
)
LaTeX Info: Redefining \ref on input line 156.
LaTeX Info: Redefining \pageref on input line 156.

(./math3820_lecture_notes.out) (./math3820_lecture_notes.out)
\@outlinefile=\write3
\openout3 = `math3820_lecture_notes.out'.


(/usr/share/texmf-texlive/tex/latex/ragged2e/ragged2e.sty
Package: ragged2e 2003/03/25 v2.04 ragged2e Package (MS)

(/usr/share/texmf-texlive/tex/latex/everysel/everysel.sty
Package: everysel 1999/06/08 v1.03 EverySelectfont Package (MS)
LaTeX Info: Redefining \selectfont on input line 125.
)
\CenteringLeftskip=\skip64
\RaggedLeftLeftskip=\skip65
\RaggedRightLeftskip=\skip66
\CenteringRightskip=\skip67
\RaggedLeftRightskip=\skip68
\RaggedRightRightskip=\skip69
\CenteringParfillskip=\skip70
\RaggedLeftParfillskip=\skip71
\RaggedRightParfillskip=\skip72
\JustifyingParfillskip=\skip73
\CenteringParindent=\skip74
\RaggedLeftParindent=\skip75
\RaggedRightParindent=\skip76
\JustifyingParindent=\skip77
)
LaTeX Font Info:    Try loading font information for U+msa on input line 158.

(/usr/share/texmf-texlive/tex/latex/amsfonts/umsa.fd
File: umsa.fd 2002/01/19 v2.2g AMS font definitions
)
LaTeX Font Info:    Try loading font information for U+msb on input line 158.

(/usr/share/texmf-texlive/tex/latex/amsfonts/umsb.fd
File: umsb.fd 2002/01/19 v2.2g AMS font definitions
)
LaTeX Font Info:    Try loading font information for U+esint on input line 158.


(/usr/share/texmf-texlive/tex/latex/esint/uesint.fd
File: uesint.fd 
) [1

] [1]
(./math3820_lecture_notes.toc [2

] [3] [4] [5])
\tf@toc=\write4
\openout4 = `math3820_lecture_notes.toc'.

 [6] [7

]
Package srcltx Info: Expanded filename `math3820_intro_modelling' to `math3820_
intro_modelling.tex' on input line 174.

:<+ math3820_intro_modelling.tex
(./math3820_intro_modelling.tex
Chapter 1.
LaTeX Font Info:    Try loading font information for OMS+cmr on input line 30.
(/usr/share/texmf-texlive/tex/latex/base/omscmr.fd
File: omscmr.fd 1999/05/25 v2.5h Standard LaTeX font definitions
)
LaTeX Font Info:    Font shape `OMS/cmr/m/n' in size <12> not available
(Font)              Font shape `OMS/cmsy/m/n' tried instead on input line 30.
 [8

])
:<-
Package srcltx Info: Expanded filename `math3820_matlab' to `math3820_matlab.te
x' on input line 175.
:<+ math3820_matlab.tex
(./math3820_matlab.tex [9]
Chapter 2.
[10

] [11]
File: ../figs_01_intro_and_matlab/plot_iterates_1.eps Graphic file (type eps)
 <../figs_01_intro_and_matlab/plot_iterates_1.eps> [12]
File: ../figs_01_intro_and_matlab/plot_iterates_2.eps Graphic file (type eps)

<../figs_01_intro_and_matlab/plot_iterates_2.eps> [13] [14]
File: ../figs_01_intro_and_matlab/plot_iterates_3.eps Graphic file (type eps)

<../figs_01_intro_and_matlab/plot_iterates_3.eps> [15] [16]
File: ../figs_09_parameter_identification/fig_logistic_ode_1.eps Graphic file (
type eps)

<../figs_09_parameter_identification/fig_logistic_ode_1.eps> [17]
File: ../figs_09_parameter_identification/fig_logistic_ode_2.eps Graphic file (
type eps)

<../figs_09_parameter_identification/fig_logistic_ode_2.eps> [18])
:<-
Package srcltx Info: Expanded filename `math3820_logistic' to `math3820_logisti
c.tex' on input line 176.
:<+ math3820_logistic.tex
(./math3820_logistic.tex [19]
Chapter 3.
[20

]
File: ../figs_02_population_growth/USpop_to1910.eps Graphic file (type eps)
 <../figs_02_population_growth/USpop_to1910.eps>
File: ../figs_02_population_growth/USpop_to1910_points.eps Graphic file (type e
ps)

<../figs_02_population_growth/USpop_to1910_points.eps> [21] [22] [23]
File: ../figs_02_population_growth/quadratic_fit.eps Graphic file (type eps)

<../figs_02_population_growth/quadratic_fit.eps> [24] [25] [26] [27] [28]

LaTeX Warning: Reference `th:existence_uniqueness_Cauchy' on page 29 undefined 
on input line 456.

[29] [30] [31]

Package hyperref Warning: Token not allowed in a PDFDocEncoded string,
(hyperref)                removing `math shift' on input line 604.


Package hyperref Warning: Token not allowed in a PDFDocEncoded string,
(hyperref)                removing `subscript' on input line 604.


Package hyperref Warning: Token not allowed in a PDFDocEncoded string,
(hyperref)                removing `math shift' on input line 604.

[32]
File: ../figs_02_population_growth/bif_cascade_1.eps Graphic file (type eps)
 <../figs_02_population_growth/bif_cascade_1.eps> [33]
File: ../figs_02_population_growth/logistic_1dot5.eps Graphic file (type eps)

<../figs_02_population_growth/logistic_1dot5.eps>
File: ../figs_02_population_growth/logistic_2dot5.eps Graphic file (type eps)

<../figs_02_population_growth/logistic_2dot5.eps> [34] [35] [36]
File: ../figs_02_population_growth/bif_cascade_3.eps Graphic file (type eps)

<../figs_02_population_growth/bif_cascade_3.eps>

LaTeX Warning: Reference `th:' on page 37 undefined on input line 793.

[37]
File: ../figs_02_population_growth/cascade_29_4.eps Graphic file (type eps)
 <../figs_02_population_growth/cascade_29_4.eps> [38]
File: ../figs_02_population_growth/analysis_logistic_cascade_full.eps Graphic f
ile (type eps)

<../figs_02_population_growth/analysis_logistic_cascade_full.eps> [39])
:<-
Package srcltx Info: Expanded filename `math3820_residence_time' to `math3820_r
esidence_time.tex' on input line 177.
:<+ math3820_residence_time.tex
(./math3820_residence_time.tex [40]
Chapter 4.
File: ../figs_03_residence_time/random_length_sample.eps Graphic file (type eps
)
<../figs_03_residence_time/random_length_sample.eps> [41

]
File: ../figs_03_residence_time/distrib_a_b.eps Graphic file (type eps)

<../figs_03_residence_time/distrib_a_b.eps>
File: ../figs_03_residence_time/cdf_auc.eps Graphic file (type eps)

<../figs_03_residence_time/cdf_auc.eps>
File: ../figs_03_residence_time/cdf_plot.eps Graphic file (type eps)

<../figs_03_residence_time/cdf_plot.eps> [42] [43] [44] [45] [46]
File: ../figs_03_residence_time/SIS_general.eps Graphic file (type eps)

<../figs_03_residence_time/SIS_general.eps> [47] [48] [49]
File: ../figs_03_residence_time/survival_exp_80years.eps Graphic file (type eps
)

<../figs_03_residence_time/survival_exp_80years.eps>)
:<-
[50] [51

]
Package srcltx Info: Expanded filename `math3820_discrete_time' to `math3820_di
screte_time.tex' on input line 180.

:<+ math3820_discrete_time.tex
(./math3820_discrete_time.tex
Chapter 5.
[52

] [53] [54]
LaTeX Font Info:    Font shape `OMS/cmr/m/it' in size <12> not available
(Font)              Font shape `OMS/cmsy/m/n' tried instead on input line 170.


Package amsthm Warning: The \qedhere command may not work correctly here on inp
ut line 208.

[55] [56]
Overfull \hbox (8.629pt too wide) in paragraph at lines 272--274
[][][]$\OML/cmm/m/it/12 ^^U[] \OT1/cmr/m/n/12 = \OML/cmm/m/it/12 A \OMS/cmsy/m/
n/12 ^^F \OML/cmm/m/it/12 iB \OT1/cmr/m/n/12 = \OML/cmm/m/it/12 r\OT1/cmr/m/n/1
2 ([] \OML/cmm/m/it/12 ^^^ \OMS/cmsy/m/n/12 ^^F \OML/cmm/m/it/12 i [] ^^^\OT1/c
mr/m/n/12 )$, where $\OML/cmm/m/it/12 r \OT1/cmr/m/n/12 = []$
 []

File: figs_steph/FigurePhase.eps Graphic file (type eps)
<figs_steph/FigurePhase.eps> [57] [58] [59] [60] [61] [62] [63] [64] [65]
[66] [67] [68] [69] [70] [71] [72]

LaTeX Warning: Reference `fig:THeoStable' on page 73 undefined on input line 10
58.

[73])
:<-
Package srcltx Info: Expanded filename `math3820_leslie_matrix' to `math3820_le
slie_matrix.tex' on input line 181.
:<+ math3820_leslie_matrix.tex
(./math3820_leslie_matrix.tex [74]
Chapter 6.
[75

]
File: figs_steph/Binary_fission.eps Graphic file (type eps)
 <figs_steph/Binary_fission.eps>
File: figs_steph/Mitosis.eps Graphic file (type eps)
 <figs_steph/Mitosis.eps> [76] [77]
Underfull \hbox (badness 6348) in paragraph at lines 149--149
[] []|[][][][]\OT1/cmr/m/n/10.95 SIR model: dis-ease with re-cov-ery and per-ma
-nent im-mu-nity, here
 []

[78]

Package hyperref Warning: Token not allowed in a PDFDocEncoded string,
(hyperref)                removing `math shift' on input line 169.


Package hyperref Warning: Token not allowed in a PDFDocEncoded string,
(hyperref)                removing `subscript' on input line 169.


Package hyperref Warning: Token not allowed in a PDFDocEncoded string,
(hyperref)                removing `subscript' on input line 169.


Package hyperref Warning: Token not allowed in a PDFDocEncoded string,
(hyperref)                removing `math shift' on input line 169.


LaTeX Warning: Reference `fig:SIRsimul' on page 79 undefined on input line 186.



Package hyperref Warning: Token not allowed in a PDFDocEncoded string,
(hyperref)                removing `math shift' on input line 189.


Package hyperref Warning: Token not allowed in a PDFDocEncoded string,
(hyperref)                removing `subscript' on input line 189.


Package hyperref Warning: Token not allowed in a PDFDocEncoded string,
(hyperref)                removing `subscript' on input line 189.


Package hyperref Warning: Token not allowed in a PDFDocEncoded string,
(hyperref)                removing `math shift' on input line 189.

[79]

LaTeX Warning: Reference `fig:SIRsimul' on page 80 undefined on input line 207.


[80]
File: figs_steph/LesliePattern.eps Graphic file (type eps)
 <figs_steph/LesliePattern.eps> [81] [82] [83] [84] [85]
Missing character: There is no ï in font cmr12!
Missing character: There is no ¿ in font cmr12!
Missing character: There is no ½ in font cmr12!
Missing character: There is no ï in font cmr12!
Missing character: There is no ¿ in font cmr12!
Missing character: There is no ½ in font cmr12!
Missing character: There is no ï in font cmr12!
Missing character: There is no ¿ in font cmr12!
Missing character: There is no ½ in font cmr12!
File: figs_steph/insect_life_cycle.eps Graphic file (type eps)

<figs_steph/insect_life_cycle.eps> [86] [87] [88] [89] [90]
Overfull \hbox (36.22968pt too wide) in paragraph at lines 770--771
[][][]\OT1/cmr/m/n/12 The dom-i-nant eigen-value is $1\OML/cmm/m/it/12 :\OT1/cm
r/m/n/12 0251$, and the as-so-ci-ated eigen-vec-tor is $(0\OML/cmm/m/it/12 :\OT
1/cmr/m/n/12 0658\OML/cmm/m/it/12 ; \OT1/cmr/m/n/12 0\OML/cmm/m/it/12 :\OT1/cmr
/m/n/12 5640\OML/cmm/m/it/12 ; \OT1/cmr/m/n/12 0\OML/cmm/m/it/12 :\OT1/cmr/m/n/
12 5789\OML/cmm/m/it/12 ; \OT1/cmr/m/n/12 0\OML/cmm/m/it/12 :\OT1/cmr/m/n/12 58
52)$.
 []

File: figs_steph/KillerWhales.eps Graphic file (type eps)
<figs_steph/KillerWhales.eps> [91])
:<-
[92] [93

]
Package srcltx Info: Expanded filename `math3820_markov' to `math3820_markov.te
x' on input line 184.

:<+ math3820_markov.tex
(./math3820_markov.tex
Chapter 7.
[94

] [95] [96] [97]
File: ../figs_08_genetics/graphe_absorbant.eps Graphic file (type eps)
 <../figs_08_genetics/graphe_absorbant.eps> [98] [99])
:<-
Package srcltx Info: Expanded filename `math3820_genetics' to `math3820_genetic
s.tex' on input line 185.
:<+ math3820_genetics.tex
(./math3820_genetics.tex [100]
Chapter 8.
[101

]
File: ../figs_08_genetics/dominant_hybrid.eps Graphic file (type eps)
 <../figs_08_genetics/dominant_hybrid.eps>
File: ../figs_08_genetics/hybrid_hybrid.eps Graphic file (type eps)

<../figs_08_genetics/hybrid_hybrid.eps>
File: ../figs_08_genetics/recessive_hybrid.eps Graphic file (type eps)

<../figs_08_genetics/recessive_hybrid.eps> [102]
File: ../figs_08_genetics/graphe_hybride.eps Graphic file (type eps)

<../figs_08_genetics/graphe_hybride.eps>

LaTeX Warning: Reference `th:connected_equiv_irreducible' on page 103 undefined
 on input line 121.


LaTeX Warning: Reference `' on page 103 undefined on input line 121.

[103]
File: ../figs_08_genetics/graphe_dominant.eps Graphic file (type eps)
 <../figs_08_genetics/graphe_dominant.eps> [104])
:<-
[105] [106

]
Package srcltx Info: Expanded filename `math3820_theory_ode' to `math3820_theor
y_ode.tex' on input line 188.

:<+ math3820_theory_ode.tex
(./math3820_theory_ode.tex
Chapter 9.
[107

] [108] [109] [110] [111] [112] [113] [114] [115] [116] [117] [118]
[119] [120] [121] [122] [123] [124] [125])
:<-
Package srcltx Info: Expanded filename `math3820_epidemic_models' to `math3820_
epidemic_models.tex' on input line 189.
:<+ math3820_epidemic_models.tex
(./math3820_epidemic_models.tex [126]
Chapter 10.
[127

]
File: ../figs_04_epidemic_models/SIS_nodemography.eps Graphic file (type eps)
 <../figs_04_epidemic_models/SIS_nodemography.eps> [128] [129]
File: ../figs_04_epidemic_models/EEP_fct_R0.eps Graphic file (type eps)

<../figs_04_epidemic_models/EEP_fct_R0.eps> [130] [131]
File: ../figs_04_epidemic_models/SIRS_massaction.eps Graphic file (type eps)

<../figs_04_epidemic_models/SIRS_massaction.eps>
File: ../figs_04_epidemic_models/SIRS_propincidence.eps Graphic file (type eps)


<../figs_04_epidemic_models/SIRS_propincidence.eps> [132] [133])
:<-
Package srcltx Info: Expanded filename `math3820_chemostat' to `math3820_chemos
tat.tex' on input line 190.
:<+ math3820_chemostat.tex
(./math3820_chemostat.tex [134]
Chapter 11.
File: ../figs_05_chemostat/chemostat.eps Graphic file (type eps)
<../figs_05_chemostat/chemostat.eps> [135

] [136]
File: ../figs_05_chemostat/monod.eps Graphic file (type eps)

<../figs_05_chemostat/monod.eps> [137]
File: ../figs_05_chemostat/chemo_batch_nodeath_Sx.eps Graphic file (type eps)

<../figs_05_chemostat/chemo_batch_nodeath_Sx.eps> [138]
File: ../figs_05_chemostat/figchemo_eng.eps Graphic file (type eps)

<../figs_05_chemostat/figchemo_eng.eps> [139] [140] [141])
:<-
Package srcltx Info: Expanded filename `math3820_traffic_flow' to `math3820_tra
ffic_flow.tex' on input line 191.
:<+ math3820_traffic_flow.tex
(./math3820_traffic_flow.tex [142]
Chapter 12.
File: ../figs_06_traffic_flow/traffic_flow1.eps Graphic file (type eps)
<../figs_06_traffic_flow/traffic_flow1.eps> [143

] [144] [145] [146]

Package hyperref Warning: Token not allowed in a PDFDocEncoded string,
(hyperref)                removing `math shift' on input line 274.


Package hyperref Warning: Token not allowed in a PDFDocEncoded string,
(hyperref)                removing `\alpha' on input line 274.


Package hyperref Warning: Token not allowed in a PDFDocEncoded string,
(hyperref)                removing `\mathop' on input line 274.


Package hyperref Warning: Token not allowed in a PDFDocEncoded string,
(hyperref)                removing `\mathgroup' on input line 274.


Package hyperref Warning: Token not allowed in a PDFDocEncoded string,
(hyperref)                removing `\symoperators' on input line 274.


Package hyperref Warning: Token not allowed in a PDFDocEncoded string,
(hyperref)                removing `\new@ifnextchar' on input line 274.


Package hyperref Warning: Token not allowed in a PDFDocEncoded string,
(hyperref)                removing `\omega' on input line 274.


Package hyperref Warning: Token not allowed in a PDFDocEncoded string,
(hyperref)                removing `math shift' on input line 274.

[147]
File: ../figs_06_traffic_flow/traffic_flow_3cars_ODE_l0.eps Graphic file (type 
eps)
 <../figs_06_traffic_flow/traffic_flow_3cars_ODE_l0.eps>
File: ../figs_06_traffic_flow/traffic_flow_3cars_ODE_l04.eps Graphic file (type
 eps)

<../figs_06_traffic_flow/traffic_flow_3cars_ODE_l04.eps>
File: ../figs_06_traffic_flow/traffic_flow_3cars_ODE_l08.eps Graphic file (type
 eps)

<../figs_06_traffic_flow/traffic_flow_3cars_ODE_l08.eps>
File: ../figs_06_traffic_flow/traffic_flow_3cars_ODE_l5.eps Graphic file (type 
eps)

<../figs_06_traffic_flow/traffic_flow_3cars_ODE_l5.eps> [148]
Overfull \hbox (43.40152pt too wide) in paragraph at lines 376--377
[][][]\OT1/cmr/m/n/12 cooperative en-zymes, Hill equa-tion (gen-er-al-iza-tion 
for n-subtrate com-plexes, $[] = \OMS/cmsy/m/n/12 ^^@\OML/cmm/m/it/12 K[][]$\OT
1/cmr/m/n/12 ) 
 []

[149])
:<-
[150] [151

]
Package srcltx Info: Expanded filename `math3820_dde' to `math3820_dde.tex' on 
input line 194.

:<+ math3820_dde.tex
(./math3820_dde.tex
Chapter 13.
[152

] [153] [154])
:<-
Package srcltx Info: Expanded filename `math3820_delay_traffic_flow' to `math38
20_delay_traffic_flow.tex' on input line 195.
:<+ math3820_delay_traffic_flow.tex
(./math3820_delay_traffic_flow.tex [155]
Chapter 14.
[156

] [157])
:<-
[158] [159

]
Package srcltx Info: Expanded filename `math3820_shallow_water' to `math3820_sh
allow_water.tex' on input line 198.

:<+ math3820_shallow_water.tex
(./math3820_shallow_water.tex
Chapter 15.
File: ../figs_07_shallow_water/xyz_domain.eps Graphic file (type eps)
<../figs_07_shallow_water/xyz_domain.eps>
File: ../figs_07_shallow_water/xy_domain.eps Graphic file (type eps)

<../figs_07_shallow_water/xy_domain.eps> [160

]
File: ../figs_07_shallow_water/xyz_cylinder.eps Graphic file (type eps)

<../figs_07_shallow_water/xyz_cylinder.eps> [161]
File: ../figs_07_shallow_water/V_domain.eps Graphic file (type eps)

<../figs_07_shallow_water/V_domain.eps> [162]
File: ../figs_07_shallow_water/V_domain_flows.eps Graphic file (type eps)

<../figs_07_shallow_water/V_domain_flows.eps> [163] [164] [165] [166] [167]
File: ../figs_07_shallow_water/xct.eps Graphic file (type eps)

<../figs_07_shallow_water/xct.eps> [168]
File: ../figs_07_shallow_water/xwave.eps Graphic file (type eps)
 <../figs_07_shallow_water/xwave.eps>)
:<-
Package srcltx Info: Expanded filename `math3820_tools' to `math3820_tools.tex'
 on input line 202.
:<+ math3820_tools.tex
(./math3820_tools.tex [169]
Appendix A.
[170

]
Appendix B.
[171

]
Appendix C.
[172

])
:<-
:<+ math3820_lecture_notes.bbl
(./math3820_lecture_notes.bbl [173] [174

])
:<-
[175] (./math3820_lecture_notes.aux)

LaTeX Warning: There were undefined references.


LaTeX Warning: There were multiply-defined labels.

 )
(\end occurred inside a group at level 1)

### simple group (level 1) entered at line 255 ({)
### bottom level 
Here is how much of TeX's memory you used:
 5427 strings out of 95087
 77768 string characters out of 1183278
 157504 words of memory out of 1500000
 8390 multiletter control sequences out of 10000+50000
 20628 words of font info for 81 fonts, out of 1200000 for 2000
 28 hyphenation exceptions out of 8191
 35i,18n,51p,810b,516s stack positions out of 5000i,500n,6000p,200000b,5000s

Output written on math3820_lecture_notes.dvi (176 pages, 992860 bytes).
