This is pdfeTeX, Version 3.141592-1.21a-2.2 (MiKTeX 2.4) (preloaded format=latex 2007.4.11)  10 JAN 2008 12:15
entering extended mode
**D:/Textes/Cours/math3820/population_growth/math3820_slides_population_growth.tex
(D:/Textes/Cours/math3820/population_growth/math3820_slides_population_growth.tex
LaTeX2e <2003/12/01>
Babel <v3.8g> and hyphenation patterns for english, dumylang, nohyphenation, french, loaded.
(C:\texmf\tex\latex\Added\latex-beamer-3.07\base\beamer.cls
(C:\texmf\tex\latex\Added\latex-beamer-3.07\base\beamerbasercs.sty
Package: beamerbasercs 2007/01/28 (rcs-revision 1.4)
)
Document Class: beamer 2007/03/11 cvs version 3.07 A class for typesetting presentations (rcs-revision 1.70)
(C:\texmf\tex\latex\Added\latex-beamer-3.07\base\beamerbasemodes.sty
Package: beamerbasemodes 2007/01/28 (rcs-revision 1.22)
\beamer@tempbox=\box26
\beamer@tempcount=\count79
\c@beamerpauses=\count80

(C:\texmf\tex\latex\Added\latex-beamer-3.07\base\beamerbasedecode.sty
Package: beamerbasedecode 2007/01/28 (rcs-revision 1.20)
\beamer@slideinframe=\count81
\beamer@minimum=\count82
)
\beamer@commentbox=\box27
\beamer@modecount=\count83
)
\headheight=\dimen102
\headdp=\dimen103
\footheight=\dimen104
\sidebarheight=\dimen105
\beamer@tempdim=\dimen106
\beamer@finalheight=\dimen107
\beamer@animht=\dimen108
\beamer@animdp=\dimen109
\beamer@animwd=\dimen110
\beamer@leftmargin=\dimen111
\beamer@rightmargin=\dimen112
\beamer@leftsidebar=\dimen113
\beamer@rightsidebar=\dimen114
\beamer@boxsize=\dimen115
\beamer@vboxoffset=\dimen116
\beamer@descdefault=\dimen117
\beamer@descriptionwidth=\dimen118
\beamer@lastskip=\skip41
\beamer@areabox=\box28
\beamer@animcurrent=\box29
\beamer@animshowbox=\box30
\beamer@sectionbox=\box31
\beamer@logobox=\box32
\beamer@linebox=\box33
\beamer@sectioncount=\count84
\beamer@subsubsectionmax=\count85
\beamer@subsectionmax=\count86
\beamer@sectionmax=\count87
\beamer@totalheads=\count88
\beamer@headcounter=\count89
\beamer@partstartpage=\count90
\beamer@sectionstartpage=\count91
\beamer@subsectionstartpage=\count92
\beamer@animationtempa=\count93
\beamer@animationtempb=\count94
\beamer@xpos=\count95
\beamer@ypos=\count96
\beamer@showpartnumber=\count97
\beamer@currentsubsection=\count98
\beamer@coveringdepth=\count99
\beamer@sectionadjust=\count100
\beamer@tocsectionnumber=\count101

(C:\texmf\tex\latex\Added\latex-beamer-3.07\base\beamerbaseoptions.sty
Package: beamerbaseoptions 2007/01/28 (rcs-revision 1.8)
 (C:\texmf\tex\latex\graphics\keyval.sty
Package: keyval 1999/03/16 v1.13 key=value parser (DPC)
\KV@toks@=\toks14
))
(C:\texmf\tex\latex\pgf\basiclayer\pgfcore.sty (C:\texmf\tex\latex\graphics\graphicx.sty
Package: graphicx 1999/02/16 v1.0f Enhanced LaTeX Graphics (DPC,SPQR)

(C:\texmf\tex\latex\graphics\graphics.sty
Package: graphics 2001/07/07 v1.0n Standard LaTeX Graphics (DPC,SPQR)
 (C:\texmf\tex\latex\graphics\trig.sty
Package: trig 1999/03/16 v1.09 sin cos tan (DPC)
)
(C:\texmf\tex\latex\00miktex\graphics.cfg
File: graphics.cfg 2003/03/12 v1.1 MiKTeX 'graphics' configuration
)
Package graphics Info: Driver file: pdftex.def on input line 80.
 (C:\texmf\tex\latex\graphics\pdftex.def
File: pdftex.def 2005/06/20 v0.03m graphics/color for pdftex
\Gread@gobject=\count102
))
\Gin@req@height=\dimen119
\Gin@req@width=\dimen120
)
(C:\texmf\tex\latex\pgf\systemlayer\pgfsys.sty (C:\texmf\tex\latex\pgf\utilities\pgfrcs.sty
(C:\texmf\tex\generic\pgf\utilities\pgfrcs.code.tex
Package: pgfrcs 2005/10/23 v1.00 (rcs-revision 1.7)
)) (C:\texmf\tex\generic\pgf\systemlayer\pgfsys.code.tex
Package: pgfsys 2005/10/18 v1.00 (rcs-revision 1.9)
\pgf@x=\dimen121
\pgf@y=\dimen122
\pgf@xa=\dimen123
\pgf@ya=\dimen124
\pgf@xb=\dimen125
\pgf@yb=\dimen126
\pgf@xc=\dimen127
\pgf@yc=\dimen128

(C:\texmf\tex\generic\pgf\systemlayer\pgf.cfg
File: pgf.cfg 2005/06/29 (rcs-revision 1.1.1.1)
)
Package pgfsys Info: Driver file for pgf: pgfsys-pdftex.def on input line 759.
 (C:\texmf\tex\generic\pgf\systemlayer\pgfsys-pdftex.def
File: pgfsys-pdftex.def 2005/10/06 (rcs-revision 1.4)

(C:\texmf\tex\generic\pgf\systemlayer\pgfsys-common-pdf.def
File: pgfsys-common-pdf.def 2005/10/18 (rcs-revision 1.4)
)))
(C:\texmf\tex\generic\pgf\systemlayer\pgfsyssoftpath.code.tex
File: pgfsyssoftpath.code.tex 2005/06/29 (rcs-revision 1.1.1.1)
)
(C:\texmf\tex\generic\pgf\systemlayer\pgfsysprotocol.code.tex
File: pgfsysprotocol.code.tex 2005/06/29 (rcs-revision 1.1.1.1)
)) (C:\texmf\tex\latex\xcolor\xcolor.sty
Package: xcolor 2005/10/15 v2.06 LaTeX color extensions (UK)

(C:\texmf\tex\latex\00miktex\color.cfg
File: color.cfg 2003/03/08 v1.0 MiKTeX 'color' configuration
)
Package xcolor Info: Driver file: pdftex.def on input line 200.
Package xcolor Info: Model `cmy' substituted by `cmy0' on input line 1165.
Package xcolor Info: Model `hsb' substituted by `rgb' on input line 1171.
Package xcolor Info: Model `RGB' extended on input line 1183.
Package xcolor Info: Model `HTML' substituted by `rgb' on input line 1185.
Package xcolor Info: Model `HSB' substituted by `hsb' on input line 1186.
Package xcolor Info: Model `Gray' substituted by `gray' on input line 1187.
Package xcolor Info: Model `wave' substituted by `hsb' on input line 1188.
) (C:\texmf\tex\generic\pgf\basiclayer\pgfcore.code.tex
Package: pgfcore 2005/07/06 v1.00 (rcs-revision 1.2)

(C:\texmf\tex\generic\pgf\basiclayer\pgfcoremath.code.tex
File: pgfcoremath.code.tex 2005/06/29 (rcs-revision 1.1.1.1)
\c@pgf@counta=\count103
\c@pgf@countb=\count104
\c@pgf@countc=\count105
\c@pgf@countd=\count106
) (C:\texmf\tex\generic\pgf\basiclayer\pgfcorepoints.code.tex
File: pgfcorepoints.code.tex 2005/06/29 (rcs-revision 1.1.1.1)
\pgf@picminx=\dimen129
\pgf@picmaxx=\dimen130
\pgf@picminy=\dimen131
\pgf@picmaxy=\dimen132
\pgf@pathminx=\dimen133
\pgf@pathmaxx=\dimen134
\pgf@pathminy=\dimen135
\pgf@pathmaxy=\dimen136
\pgf@tempdim=\dimen137
\c@pgf@tempcount=\count107
\pgf@xx=\dimen138
\pgf@xy=\dimen139
\pgf@yx=\dimen140
\pgf@yy=\dimen141
\pgf@zx=\dimen142
\pgf@zy=\dimen143
)
(C:\texmf\tex\generic\pgf\basiclayer\pgfcorepathconstruction.code.tex
File: pgfcorepathconstruction.code.tex 2005/09/30 (rcs-revision 1.2)
\pgf@path@lastx=\dimen144
\pgf@path@lasty=\dimen145
)
(C:\texmf\tex\generic\pgf\basiclayer\pgfcorepathusage.code.tex
File: pgfcorepathusage.code.tex 2005/07/17 (rcs-revision 1.2)
\pgf@shorten@end@additional=\dimen146
\pgf@shorten@start@additional=\dimen147
)
(C:\texmf\tex\generic\pgf\basiclayer\pgfcorescopes.code.tex
File: pgfcorescopes.code.tex 2005/10/14 (rcs-revision 1.9)
\pgfpic=\box34
\pgf@hbox=\box35
\pgf@layerbox@main=\box36
)
(C:\texmf\tex\generic\pgf\basiclayer\pgfcoregraphicstate.code.tex
File: pgfcoregraphicstate.code.tex 2005/09/21 (rcs-revision 1.3)
\pgflinewidth=\dimen148
)
(C:\texmf\tex\generic\pgf\basiclayer\pgfcoretransformations.code.tex
File: pgfcoretransformations.code.tex 2005/06/29 (rcs-revision 1.1.1.1)
\pgf@pt@x=\dimen149
\pgf@pt@y=\dimen150
\pgf@pt@temp=\dimen151
)
(C:\texmf\tex\generic\pgf\basiclayer\pgfcorequick.code.tex
File: pgfcorequick.code.tex 2005/06/29 (rcs-revision 1.1.1.1)
) (C:\texmf\tex\generic\pgf\basiclayer\pgfcoreobjects.code.tex
File: pgfcoreobjects.code.tex 2005/06/29 (rcs-revision 1.1.1.1)
) (C:\texmf\tex\generic\pgf\basiclayer\pgfcorepathprocessing.code.tex
File: pgfcorepathprocessing.code.tex 2005/10/03 (rcs-revision 1.2)
)
(C:\texmf\tex\generic\pgf\basiclayer\pgfcorearrows.code.tex
File: pgfcorearrows.code.tex 2005/07/10 (rcs-revision 1.2)
) (C:\texmf\tex\generic\pgf\basiclayer\pgfcoreshade.code.tex
File: pgfcoreshade.code.tex 2005/07/17 (rcs-revision 1.3)
\pgf@max=\dimen152
\pgf@sys@shading@range@num=\count108
))) (C:\texmf\tex\latex\pgf\basiclayer\pgfbaseimage.sty (C:\texmf\tex\generic\pgf\basiclayer\pgfbaseimage.code.tex
Package: pgfbaseimage 2005/07/06 v1.00 (rcs-revision 1.2)
))
(C:\texmf\tex\latex\pgf\utilities\xxcolor.sty
Package: xxcolor 2003/10/24 ver 0.1
\XC@nummixins=\count109
\XC@countmixins=\count110
) (C:\texmf\tex\latex\amsfonts\amssymb.sty
Package: amssymb 2002/01/22 v2.2d

(C:\texmf\tex\latex\amsfonts\amsfonts.sty
Package: amsfonts 2001/10/25 v2.2f
\@emptytoks=\toks15
\symAMSa=\mathgroup4
\symAMSb=\mathgroup5
LaTeX Font Info:    Overwriting math alphabet `\mathfrak' in version `bold'
(Font)                  U/euf/m/n --> U/euf/b/n on input line 132.
)) (C:\texmf\tex\latex\geometry\geometry.sty
Package: geometry 2002/07/08 v3.2 Page Geometry
\Gm@cnth=\count111
\Gm@cntv=\count112
\c@Gm@tempcnt=\count113
\Gm@bindingoffset=\dimen153
\Gm@wd@mp=\dimen154
\Gm@odd@mp=\dimen155
\Gm@even@mp=\dimen156
\Gm@dimlist=\toks16

(C:\texmf\tex\latex\geometry\geometry.cfg)) (C:\texmf\tex\latex\hyperref\hyperref.sty
Package: hyperref 2003/11/30 v6.74m Hypertext links for LaTeX
\@linkdim=\dimen157
\Hy@linkcounter=\count114
\Hy@pagecounter=\count115

(C:\texmf\tex\latex\hyperref\pd1enc.def
File: pd1enc.def 2003/11/30 v6.74m Hyperref: PDFDocEncoding definition (HO)
) (C:\texmf\tex\latex\00miktex\hyperref.cfg
File: hyperref.cfg 2003/03/08 v1.0 MiKTeX 'hyperref' configuration
)
Package hyperref Info: Option `bookmarks' set `true' on input line 1830.
Package hyperref Info: Option `bookmarksopen' set `true' on input line 1830.
Package hyperref Info: Option `implicit' set `false' on input line 1830.
Package hyperref Info: Hyper figures OFF on input line 1880.
Package hyperref Info: Link nesting OFF on input line 1885.
Package hyperref Info: Hyper index ON on input line 1888.
Package hyperref Info: Plain pages ON on input line 1893.
Package hyperref Info: Backreferencing OFF on input line 1900.

Implicit mode OFF; no redefinition of LaTeX internals
Package hyperref Info: Bookmarks ON on input line 2004.
(C:\texmf\tex\latex\ltxmisc\url.sty
\Urlmuskip=\muskip10
Package: url 2005/06/27  ver 3.2  Verb mode for urls, etc.
)
LaTeX Info: Redefining \url on input line 2143.
\Fld@menulength=\count116
\Field@Width=\dimen158
\Fld@charsize=\dimen159
\Choice@toks=\toks17
\Field@toks=\toks18
Package hyperref Info: Hyper figures OFF on input line 2618.
Package hyperref Info: Link nesting OFF on input line 2623.
Package hyperref Info: Hyper index ON on input line 2626.
Package hyperref Info: backreferencing OFF on input line 2633.
Package hyperref Info: Link coloring OFF on input line 2638.

Hyperref stopped early
)
*hyperref using default driver hpdftex*
(C:\texmf\tex\latex\hyperref\hpdftex.def
File: hpdftex.def 2003/11/30 v6.74m Hyperref driver for pdfTeX
 (C:\texmf\tex\latex\psnfss\pifont.sty
Package: pifont 2005/04/12 PSNFSS-v9.2a Pi font support (SPQR) 
LaTeX Font Info:    Try loading font information for U+pzd on input line 63.
 (C:\texmf\tex\latex\psnfss\upzd.fd
File: upzd.fd 2001/06/04 font definitions for U/pzd.
)
LaTeX Font Info:    Try loading font information for U+psy on input line 64.

(C:\texmf\tex\latex\psnfss\upsy.fd
File: upsy.fd 2001/06/04 font definitions for U/psy.
))
\Fld@listcount=\count117
\@outlinefile=\write3
) (C:\texmf\tex\latex\base\size11.clo
File: size11.clo 2004/02/16 v1.4f Standard LaTeX file (size option)
)
(C:\texmf\tex\latex\Added\latex-beamer-3.07\base\beamerbasecompatibility.sty
Package: beamerbasecompatibility 2007/01/28  (rcs-revision 1.63)
)
(C:\texmf\tex\latex\Added\latex-beamer-3.07\base\beamerbasefont.sty
Package: beamerbasefont 2007/01/28  (rcs-revision 1.16)
)
(C:\texmf\tex\latex\Added\latex-beamer-3.07\base\beamerbasemisc.sty
Package: beamerbasemisc 2007/01/28  (rcs-revision 1.24)
)
(C:\texmf\tex\latex\Added\latex-beamer-3.07\base\beamerbasetwoscreens.sty
Package: beamerbasetwoscreens 2007/01/28  (rcs-revision 1.7)
)
(C:\texmf\tex\latex\Added\latex-beamer-3.07\base\beamerbaseoverlay.sty
Package: beamerbaseoverlay 2007/01/28  (rcs-revision 1.50)
\beamer@argscount=\count118
\beamer@lastskipcover=\skip42
\beamer@trivlistdepth=\count119
)
(C:\texmf\tex\latex\Added\latex-beamer-3.07\base\beamerbasetitle.sty
Package: beamerbasetitle 2007/01/28  (rcs-revision 1.25)
)
(C:\texmf\tex\latex\Added\latex-beamer-3.07\base\beamerbasesection.sty
Package: beamerbasesection 2007/01/28  (rcs-revision 1.21)
\c@lecture=\count120
\c@part=\count121
\c@section=\count122
\c@subsection=\count123
\c@subsubsection=\count124
)
(C:\texmf\tex\latex\Added\latex-beamer-3.07\base\beamerbaseframe.sty
Package: beamerbaseframe 2007/01/28  (rcs-revision 1.60)
\beamer@framebox=\box37
\beamer@frametitlebox=\box38
\beamer@zoombox=\box39
\beamer@zoomcount=\count125
\beamer@zoomframecount=\count126
\beamer@frametextheight=\dimen160
\c@subsectionslide=\count127
\beamer@frametopskip=\skip43
\beamer@framebottomskip=\skip44
\beamer@frametopskipautobreak=\skip45
\beamer@framebottomskipautobreak=\skip46
\beamer@envbody=\toks19
\c@framenumber=\count128
)
(C:\texmf\tex\latex\Added\latex-beamer-3.07\base\beamerbaseverbatim.sty
Package: beamerbaseverbatim 2007/01/28  (rcs-revision 1.8)
\beamer@verbatimfileout=\write4
)
(C:\texmf\tex\latex\Added\latex-beamer-3.07\base\beamerbaseframesize.sty
Package: beamerbaseframesize 2007/01/28  (rcs-revision 1.18)
\beamer@splitbox=\box40
\beamer@autobreakcount=\count129
\beamer@autobreaklastheight=\dimen161
\beamer@frametitletoks=\toks20
\beamer@framesubtitletoks=\toks21
)
(C:\texmf\tex\latex\Added\latex-beamer-3.07\base\beamerbaseframecomponents.sty
Package: beamerbaseframecomponents 2007/01/28  (rcs-revision 1.41)
\beamer@footins=\box41
)
(C:\texmf\tex\latex\Added\latex-beamer-3.07\base\beamerbasecolor.sty
Package: beamerbasecolor 2007/01/28  (rcs-revision 1.42)
)
(C:\texmf\tex\latex\Added\latex-beamer-3.07\base\beamerbasenotes.sty
Package: beamerbasenotes 2007/01/28  (rcs-revision 1.23)
\beamer@frameboxcopy=\box42
)
(C:\texmf\tex\latex\Added\latex-beamer-3.07\base\beamerbasetoc.sty
Package: beamerbasetoc 2007/01/28  (rcs-revision 1.21)
)
(C:\texmf\tex\latex\Added\latex-beamer-3.07\base\beamerbasetemplates.sty
Package: beamerbasetemplates 2007/01/28  (rcs-revision 1.51)
\beamer@sbttoks=\toks22

(C:\texmf\tex\latex\Added\latex-beamer-3.07\base\beamerbaseauxtemplates.sty
Package: beamerbaseauxtemplates 2007/01/28  (rcs-revision 1.28)

(C:\texmf\tex\latex\Added\latex-beamer-3.07\base\beamerbaseboxes.sty
Package: beamerbaseboxes 2007/03/11  (rcs-revision 1.32)
\bmb@box=\box43
\bmb@colorbox=\box44
\bmb@boxshadow=\box45
\bmb@boxshadowball=\box46
\bmb@boxshadowballlarge=\box47
\bmb@temp=\dimen162
\bmb@dima=\dimen163
\bmb@dimb=\dimen164
\bmb@prevheight=\dimen165
)
\beamer@blockheadheight=\dimen166
))
(C:\texmf\tex\latex\Added\latex-beamer-3.07\base\beamerbaselocalstructure.sty
Package: beamerbaselocalstructure 2007/01/28  (rcs-revision 1.53)
 (C:\texmf\tex\latex\tools\enumerate.sty
Package: enumerate 1999/03/05 v3.00 enumerate extensions (DPC)
\@enLab=\toks23
)
\c@figure=\count130
\c@table=\count131
\abovecaptionskip=\skip47
\belowcaptionskip=\skip48
)
(C:\texmf\tex\latex\Added\latex-beamer-3.07\base\beamerbasenavigation.sty
Package: beamerbasenavigation 2007/01/28  (rcs-revision 1.36)
)
(C:\texmf\tex\latex\Added\latex-beamer-3.07\base\beamerbasetheorems.sty
Package: beamerbasetheorems 2007/01/28  (rcs-revision 1.10)
 (C:\texmf\tex\latex\amsmath\amsmath.sty
Package: amsmath 2000/07/18 v2.13 AMS math features
\@mathmargin=\skip49

For additional information on amsmath, use the `?' option.
(C:\texmf\tex\latex\amsmath\amstext.sty
Package: amstext 2000/06/29 v2.01
 (C:\texmf\tex\latex\amsmath\amsgen.sty
File: amsgen.sty 1999/11/30 v2.0
\@emptytoks=\toks24
\ex@=\dimen167
)) (C:\texmf\tex\latex\amsmath\amsbsy.sty
Package: amsbsy 1999/11/29 v1.2d
\pmbraise@=\dimen168
) (C:\texmf\tex\latex\amsmath\amsopn.sty
Package: amsopn 1999/12/14 v2.01 operator names
)
\inf@bad=\count132
LaTeX Info: Redefining \frac on input line 211.
\uproot@=\count133
\leftroot@=\count134
LaTeX Info: Redefining \overline on input line 307.
\classnum@=\count135
\DOTSCASE@=\count136
LaTeX Info: Redefining \ldots on input line 379.
LaTeX Info: Redefining \dots on input line 382.
LaTeX Info: Redefining \cdots on input line 467.
\Mathstrutbox@=\box48
\strutbox@=\box49
\big@size=\dimen169
LaTeX Font Info:    Redeclaring font encoding OML on input line 567.
LaTeX Font Info:    Redeclaring font encoding OMS on input line 568.
\macc@depth=\count137
\c@MaxMatrixCols=\count138
\dotsspace@=\muskip11
\c@parentequation=\count139
\dspbrk@lvl=\count140
\tag@help=\toks25
\row@=\count141
\column@=\count142
\maxfields@=\count143
\andhelp@=\toks26
\eqnshift@=\dimen170
\alignsep@=\dimen171
\tagshift@=\dimen172
\tagwidth@=\dimen173
\totwidth@=\dimen174
\lineht@=\dimen175
\@envbody=\toks27
\multlinegap=\skip50
\multlinetaggap=\skip51
\mathdisplay@stack=\toks28
LaTeX Info: Redefining \[ on input line 2666.
LaTeX Info: Redefining \] on input line 2667.
) (C:\texmf\tex\latex\amscls\amsthm.sty
Package: amsthm 2004/08/06 v2.20
\thm@style=\toks29
\thm@bodyfont=\toks30
\thm@headfont=\toks31
\thm@notefont=\toks32
\thm@headpunct=\toks33
\thm@preskip=\skip52
\thm@postskip=\skip53
\thm@headsep=\skip54
\dth@everypar=\toks34
)
\c@theorem=\count144
)
(C:\texmf\tex\latex\Added\latex-beamer-3.07\base\beamerbasethemes.sty
Package: beamerbasethemes 2007/01/28  (rcs-revision 1.10)
)
(C:\texmf\tex\latex\Added\latex-beamer-3.07\themes\theme\beamerthemedefault.sty
Package: beamerthemedefault 2007/01/28  (rcs-revision 1.7)

(C:\texmf\tex\latex\Added\latex-beamer-3.07\themes\font\beamerfontthemedefault.sty
Package: beamerfontthemedefault 2007/01/28  (rcs-revision 1.13)
)
(C:\texmf\tex\latex\Added\latex-beamer-3.07\themes\color\beamercolorthemedefault.sty
Package: beamercolorthemedefault 2007/01/28  (rcs-revision 1.28)
)
(C:\texmf\tex\latex\Added\latex-beamer-3.07\themes\inner\beamerinnerthemedefault.sty
Package: beamerinnerthemedefault 2007/01/28  (rcs-revision 1.20)
\beamer@dima=\dimen176
\beamer@dimb=\dimen177
)
(C:\texmf\tex\latex\Added\latex-beamer-3.07\themes\outer\beamerouterthemedefault.sty
Package: beamerouterthemedefault 2007/01/28  (rcs-revision 1.14)
)))
\c@proposition=\count145

(math3820_slides_population_growth.aux)
LaTeX Font Info:    Checking defaults for OML/cmm/m/it on input line 44.
LaTeX Font Info:    ... okay on input line 44.
LaTeX Font Info:    Checking defaults for T1/cmr/m/n on input line 44.
LaTeX Font Info:    ... okay on input line 44.
LaTeX Font Info:    Checking defaults for OT1/cmr/m/n on input line 44.
LaTeX Font Info:    ... okay on input line 44.
LaTeX Font Info:    Checking defaults for OMS/cmsy/m/n on input line 44.
LaTeX Font Info:    ... okay on input line 44.
LaTeX Font Info:    Checking defaults for OMX/cmex/m/n on input line 44.
LaTeX Font Info:    ... okay on input line 44.
LaTeX Font Info:    Checking defaults for U/cmr/m/n on input line 44.
LaTeX Font Info:    ... okay on input line 44.
LaTeX Font Info:    Checking defaults for PD1/pdf/m/n on input line 44.
LaTeX Font Info:    ... okay on input line 44.
 (C:\texmf\tex\context\base\supp-pdf.tex (C:\texmf\tex\context\base\supp-mis.tex
loading : Context Support Macros / Miscellaneous (2004.10.26)
\protectiondepth=\count146
\scratchcounter=\count147
\scratchtoks=\toks35
\scratchdimen=\dimen178
\scratchskip=\skip55
\scratchmuskip=\muskip12
\scratchbox=\box50
\scratchread=\read1
\scratchwrite=\write5
\zeropoint=\dimen179
\onepoint=\dimen180
\onebasepoint=\dimen181
\minusone=\count148
\thousandpoint=\dimen182
\onerealpoint=\dimen183
\emptytoks=\toks36
\nextbox=\box51
\nextdepth=\dimen184
\everyline=\toks37
\!!counta=\count149
\!!countb=\count150
\recursecounter=\count151
)
loading : Context Support Macros / PDF (2004.03.26)
\nofMPsegments=\count152
\nofMParguments=\count153
\MPscratchCnt=\count154
\MPscratchDim=\dimen185
\MPnumerator=\count155
\everyMPtoPDFconversion=\toks38
)
-------------------- Geometry parameters
paper: user defined
landscape: --
twocolumn: --
twoside: --
asymmetric: --
h-parts: 28.45274pt, 307.28987pt, 28.45274pt
v-parts: 0.0pt, 273.14662pt, 0.0pt
hmarginratio: --
vmarginratio: --
lines: --
heightrounded: --
bindingoffset: 0.0pt
truedimen: --
includehead: true
includefoot: true
includemp: --
driver: pdftex
-------------------- Page layout dimensions and switches
\paperwidth  364.19536pt
\paperheight 273.14662pt
\textwidth  307.28987pt
\textheight 244.6939pt
\oddsidemargin  -43.81725pt
\evensidemargin -43.81725pt
\topmargin  -72.26999pt
\headheight 14.22636pt
\headsep    0.0pt
\footskip   14.22636pt
\marginparwidth 4.0pt
\marginparsep   10.0pt
\columnsep  10.0pt
\skip\footins  10.0pt plus 4.0pt minus 2.0pt
\hoffset 0.0pt
\voffset 0.0pt
\mag 1000

(1in=72.27pt, 1cm=28.45pt)
-----------------------
Package hyperref Info: Link coloring OFF on input line 44.
 (C:\texmf\tex\latex\hyperref\nameref.sty
Package: nameref 2003/12/03 v2.21 Cross-referencing by name of section
\c@section@level=\count156
)
LaTeX Info: Redefining \ref on input line 44.
LaTeX Info: Redefining \pageref on input line 44.
 (math3820_slides_population_growth.out)
(math3820_slides_population_growth.out)
LaTeX Font Info:    Overwriting symbol font `operators' in version `normal'
(Font)                  OT1/cmr/m/n --> OT1/cmss/m/n on input line 44.
LaTeX Font Info:    Overwriting symbol font `operators' in version `bold'
(Font)                  OT1/cmr/bx/n --> OT1/cmss/bx/n on input line 44.
\symnumbers=\mathgroup6
\sympureletters=\mathgroup7
LaTeX Font Info:    Overwriting math alphabet `\mathrm' in version `normal'
(Font)                  OT1/cmss/m/n --> OT1/cmr/m/n on input line 44.
LaTeX Font Info:    Redeclaring math alphabet \mathbf on input line 44.
LaTeX Font Info:    Overwriting math alphabet `\mathbf' in version `normal'
(Font)                  OT1/cmr/bx/n --> OT1/cmss/bx/n on input line 44.
LaTeX Font Info:    Overwriting math alphabet `\mathbf' in version `bold'
(Font)                  OT1/cmr/bx/n --> OT1/cmss/bx/n on input line 44.
LaTeX Font Info:    Redeclaring math alphabet \mathsf on input line 44.
LaTeX Font Info:    Overwriting math alphabet `\mathsf' in version `normal'
(Font)                  OT1/cmss/m/n --> OT1/cmss/m/n on input line 44.
LaTeX Font Info:    Overwriting math alphabet `\mathsf' in version `bold'
(Font)                  OT1/cmss/bx/n --> OT1/cmss/m/n on input line 44.
LaTeX Font Info:    Redeclaring math alphabet \mathit on input line 44.
LaTeX Font Info:    Overwriting math alphabet `\mathit' in version `normal'
(Font)                  OT1/cmr/m/it --> OT1/cmss/m/it on input line 44.
LaTeX Font Info:    Overwriting math alphabet `\mathit' in version `bold'
(Font)                  OT1/cmr/bx/it --> OT1/cmss/m/it on input line 44.
LaTeX Font Info:    Redeclaring math alphabet \mathtt on input line 44.
LaTeX Font Info:    Overwriting math alphabet `\mathtt' in version `normal'
(Font)                  OT1/cmtt/m/n --> OT1/cmtt/m/n on input line 44.
LaTeX Font Info:    Overwriting math alphabet `\mathtt' in version `bold'
(Font)                  OT1/cmtt/m/n --> OT1/cmtt/m/n on input line 44.
LaTeX Font Info:    Overwriting symbol font `numbers' in version `bold'
(Font)                  OT1/cmss/m/n --> OT1/cmss/bx/n on input line 44.
LaTeX Font Info:    Overwriting symbol font `pureletters' in version `bold'
(Font)                  OT1/cmss/m/it --> OT1/cmss/bx/it on input line 44.
LaTeX Font Info:    Overwriting math alphabet `\mathrm' in version `bold'
(Font)                  OT1/cmss/bx/n --> OT1/cmr/bx/n on input line 44.
LaTeX Font Info:    Overwriting math alphabet `\mathbf' in version `bold'
(Font)                  OT1/cmss/bx/n --> OT1/cmss/bx/n on input line 44.
LaTeX Font Info:    Overwriting math alphabet `\mathsf' in version `bold'
(Font)                  OT1/cmss/m/n --> OT1/cmss/bx/n on input line 44.
LaTeX Font Info:    Overwriting math alphabet `\mathit' in version `bold'
(Font)                  OT1/cmss/m/it --> OT1/cmss/bx/it on input line 44.
LaTeX Font Info:    Overwriting math alphabet `\mathtt' in version `bold'
(Font)                  OT1/cmtt/m/n --> OT1/cmtt/bx/n on input line 44.
 (math3820_slides_population_growth.nav)

LaTeX Font Warning: Font shape `OT1/cmss/m/n' in size <4> not available
(Font)              size <5> substituted on input line 45.

[1

{psfonts.map}]
LaTeX Font Info:    Try loading font information for U+msa on input line 57.
 (C:\texmf\tex\latex\amsfonts\umsa.fd
File: umsa.fd 2002/01/19 v2.2g AMS font definitions
)
LaTeX Font Info:    Try loading font information for U+msb on input line 57.
 (C:\texmf\tex\latex\amsfonts\umsb.fd
File: umsb.fd 2002/01/19 v2.2g AMS font definitions
) [2

]
Warning: pdflatex (file titre_PearlReed1920PNAS6.pdf): pdf inclusion: found pdf version <1.6>, but at most version <1.4>
 allowed
<titre_PearlReed1920PNAS6.pdf, id=85, 328.3467pt x 188.1429pt>
File: titre_PearlReed1920PNAS6.pdf Graphic file (type pdf)
 <use titre_PearlReed1920PNAS6.pdf> [3

 <titre_PearlReed1920PNAS6.pdf>]
Warning: pdflatex (file table_PearlReed1920PNAS6.pdf): pdf inclusion: found pdf version <1.6>, but at most version <1.4>
 allowed
<table_PearlReed1920PNAS6.pdf, id=94, 328.3467pt x 215.24416pt>
File: table_PearlReed1920PNAS6.pdf Graphic file (type pdf)
 <use table_PearlReed1920PNAS6.pdf> [4

 <table_PearlReed1920PNAS6.pdf>] [5

] [6

] <USpop_to1910.pdf, id=118, 364.36125pt x 292.09125pt>
File: USpop_to1910.pdf Graphic file (type pdf)
 <use USpop_to1910.pdf> [7

 <USpop_to1910.pdf>] <USpop_to1910_points.pdf, id=129, 364.36125pt x 292.09125pt>
File: USpop_to1910_points.pdf Graphic file (type pdf)
 <use USpop_to1910_points.pdf> [8

 <USpop_to1910_points.pdf>] [9

] [10

]
Overfull \vbox (5.34572pt too high) detected at line 179
 []

[11

]
Overfull \vbox (8.25705pt too high) detected at line 194
 []

[12

]
Overfull \vbox (7.47488pt too high) detected at line 208
 []

[13

] [14

] [15

] [16

]
Overfull \hbox (26.13402pt too wide) in paragraph at lines 270--270
[]         \OT1/cmtt/m/n/10.95 Results may be inaccurate. RCOND = 1.118391e-020.[] 
 []

[17

]
Overfull \hbox (9.77516pt too wide) detected at line 280
\OT1/cmss/m/it/10.95 P\OT1/cmss/m/n/10.95 (\OT1/cmss/m/it/10.95 t\OT1/cmss/m/n/10.95 ) = 22233186177\OML/cmm/m/it/10.95 
:\OT1/cmss/m/n/10.95 8195 \OMS/cmsy/m/n/10.95   \OT1/cmss/m/n/10.95 24720291\OML/cmm/m/it/10.95 :\OT1/cmss/m/n/10.95 325
476\OT1/cmss/m/it/10.95 t \OT1/cmss/m/n/10.95 + 6872\OML/cmm/m/it/10.95 :\OT1/cmss/m/n/10.95 99686313725\OT1/cmss/m/it/1
0.95 t[]
 []

[18

] <quadratic_fit.pdf, id=212, 364.36125pt x 292.09125pt>
File: quadratic_fit.pdf Graphic file (type pdf)
 <use quadratic_fit.pdf> [19

 <quadratic_fit.pdf>] [20

]
Overfull \hbox (23.45628pt too wide) in paragraph at lines 339--339
[]\OT1/cmtt/m/n/9 f=inline('22233186177.8195-24720291.325476.*t+6872.99686313725.*t.^2')[] 
 []


Overfull \hbox (23.45628pt too wide) in paragraph at lines 339--339
[]     \OT1/cmtt/m/n/9 f(t) = 22233186177.8195-24720291.325476.*t+6872.99686313725.*t.^2[] 
 []

[21

] [22

] [23

] [24

]
Overfull \hbox (42.35606pt too wide) in paragraph at lines 412--412
[] \OT1/cmtt/m/n/9 3929214      5633954.39552689      1704740.39552689     0.433862954658842[] 
 []


Overfull \hbox (42.35606pt too wide) in paragraph at lines 412--412
[] \OT1/cmtt/m/n/9 5308483      5171628.52739334     -136854.472606659   -0.0257803354756263[] 
 []


Overfull \hbox (42.35606pt too wide) in paragraph at lines 412--412
[] \OT1/cmtt/m/n/9 7239881      6083902.03188705     -1155978.96811295    -0.159668227711608[] 
 []


Overfull \hbox (42.35606pt too wide) in paragraph at lines 412--412
[] \OT1/cmtt/m/n/9 9638453      8370774.90901184     -1267678.09098816    -0.131522983095748[] 
 []


Overfull \hbox (42.35606pt too wide) in paragraph at lines 412--412
[]\OT1/cmtt/m/n/9 12866020      12032247.1587601     -833772.841239929   -0.0648042550252471[] 
 []


Overfull \hbox (23.45628pt too wide) in paragraph at lines 412--412
[]\OT1/cmtt/m/n/9 17069453      17068318.7811356     -1134.21886444092  -6.644728828e-05[] 
 []


Overfull \hbox (42.35606pt too wide) in paragraph at lines 412--412
[]\OT1/cmtt/m/n/9 23191876      23478989.7761383      287113.776138306    0.0123799289086534[] 
 []


Overfull \hbox (42.35606pt too wide) in paragraph at lines 412--412
[]\OT1/cmtt/m/n/9 31443321      31264260.1437798     -179060.856220245  -0.00569471832254123[] 
 []


Overfull \hbox (42.35606pt too wide) in paragraph at lines 412--412
[]\OT1/cmtt/m/n/9 38558371       40424129.884037      1865758.88403702    0.0483879073635403[] 
 []


Overfull \hbox (42.35606pt too wide) in paragraph at lines 412--412
[]\OT1/cmtt/m/n/9 50155783      50958598.9969215      802815.996921539    0.0160064492846526[] 
 []


Overfull \hbox (42.35606pt too wide) in paragraph at lines 412--412
[]\OT1/cmtt/m/n/9 62947714      62867667.4824371     -80046.5175628662  -0.00127163502018304[] 
 []


Overfull \hbox (42.35606pt too wide) in paragraph at lines 412--412
[]\OT1/cmtt/m/n/9 75994575      76151335.3405762      156760.340576172   0.00206278330494212[] 
 []


Overfull \hbox (42.35606pt too wide) in paragraph at lines 412--412
[]\OT1/cmtt/m/n/9 91972266      90809602.5713463     -1162663.42865372    -0.012641456813228[] 
 []

[25

] [26

] [27

] [28

]
Warning: pdflatex (file table2_PearlReed1920PNAS6.pdf): pdf inclusion: found pdf version <1.6>, but at most version <1.4
> allowed
<table2_PearlReed1920PNAS6.pdf, id=287, 328.3467pt x 296.5479pt>
File: table2_PearlReed1920PNAS6.pdf Graphic file (type pdf)
 <use table2_PearlReed1920PNAS6.pdf>
Overfull \vbox (14.6083pt too high) detected at line 486
 []

[29

 <table2_PearlReed1920PNAS6.pdf>] [30

] [31

] [32

] [33

] [34

] [35

] [36

] [37

] [38

] [39

] [40

]

LaTeX Font Warning: Font shape `OT1/cmss/bx/it' undefined
(Font)              using `OT1/cmss/bx/n' instead on input line 654.

[41

] [42

] [43

] [44

] [45

] [46

] [47

] [48

] [49

] [50

] [51

] [52

] [53

] [54

] [55

] [56

] [57

]
<bif_cascade_1.pdf, id=500, 366.11882pt x 305.14pt>
File: bif_cascade_1.pdf Graphic file (type pdf)
 <use bif_cascade_1.pdf> [58

 <bif_cascade_1.pdf>] [59

] [60

] [61

]
[62

] [63

] [64

] <bif_cascade_2.pdf, id=555, 382.42876pt x 305.14pt>
File: bif_cascade_2.pdf Graphic file (type pdf)
 <use bif_cascade_2.pdf> [65

 <bif_cascade_2.pdf>]
<bif_cascade_3.pdf, id=565, 366.11882pt x 305.14pt>
File: bif_cascade_3.pdf Graphic file (type pdf)
 <use bif_cascade_3.pdf> [66

 <bif_cascade_3.pdf>]
<bif_cascade_4.pdf, id=575, 382.42876pt x 305.14pt>
File: bif_cascade_4.pdf Graphic file (type pdf)
 <use bif_cascade_4.pdf> [67

 <bif_cascade_4.pdf>] [68

] [69

]
<cascade_29_4.pdf, id=598, 363.10757pt x 287.07452pt>
File: cascade_29_4.pdf Graphic file (type pdf)
 <use cascade_29_4.pdf> [70

 <cascade_29_4.pdf>]
<cascade_full.pdf, id=611, 373.395pt x 287.82733pt>
File: cascade_full.pdf Graphic file (type pdf)
 <use cascade_full.pdf> [71

 <cascade_full.pdf>] [72

]
\tf@nav=\write6
\tf@toc=\write7
\tf@snm=\write8

(math3820_slides_population_growth.aux)

LaTeX Font Warning: Size substitutions with differences
(Font)              up to 1.0pt have occurred.


LaTeX Font Warning: Some font shapes were not available, defaults substituted.

 ) 
Here is how much of TeX's memory you used:
 8614 strings out of 95514
 142559 string characters out of 1189467
 218749 words of memory out of 1214886
 11015 multiletter control sequences out of 60000
 17935 words of font info for 67 fonts, out of 1000000 for 2000
 14 hyphenation exceptions out of 4999
 41i,13n,51p,518b,511s stack positions out of 5000i,500n,10000p,200000b,32768s
PDF statistics:
 626 PDF objects out of 300000
 165 named destinations out of 300000
 185 words of extra memory for PDF output out of 65536
<C:\texmf\fonts\type1\bluesky\cm\cmmi12.pfb><C:\texmf\fonts\type1\bluesky\cm\cmssi12.pfb><C:\texmf\fonts\type1\bluesky
\cm\cmmi8.pfb><C:\texmf\fonts\type1\bluesky\cm\cmr8.pfb><C:\texmf\fonts\type1\bluesky\symbols\msbm10.pfb><C:\texmf\fonts
\type1\bluesky\cm\cmr10.pfb><C:\texmf\fonts\type1\bluesky\cm\cmsy8.pfb><C:\texmf\fonts\type1\bluesky\cm\cmtt9.pfb><C:\te
xmf\fonts\type1\bluesky\cm\cmtt8.pfb><C:\texmf\fonts\type1\bluesky\cm\cmsy10.pfb><C:\texmf\fonts\type1\bluesky\cm\cmssi8
.pfb><C:\texmf\fonts\type1\bluesky\cm\cmex10.pfb><C:\texmf\fonts\type1\bluesky\cm\cmmi10.pfb><C:\texmf\fonts\type1\blues
ky\cm\cmtt10.pfb><C:\texmf\fonts\type1\bluesky\cm\cmssbx10.pfb><C:\texmf\fonts\type1\bluesky\symbols\msam7.pfb><C:\texmf
\fonts\type1\bluesky\cm\cmssi10.pfb><C:\texmf\fonts\type1\bluesky\cm\cmss10.pfb><C:\texmf\fonts\type1\bluesky\cm\cmss8.p
fb><C:\texmf\fonts\type1\bluesky\cm\cmss12.pfb>
Output written on math3820_slides_population_growth.pdf (72 pages, 11414245 bytes).
