This is pdfTeX, Version 3.141592-1.40.4 (MiKTeX 2.7 Beta 5) (preloaded format=pdflatex 2007.11.23)  31 JAN 2008 10:59
entering extended mode
**E:/Textes/Cours/MATH3820/Winter2008/math3820_w2008_assignment1.tex
(E:/Textes/Cours/MATH3820/Winter2008/math3820_w2008_assignment1.tex
LaTeX2e <2005/12/01>
Babel <v3.8h> and hyphenation patterns for english, dumylang, nohyphenation, ge
rman, ngerman, french, loaded.
("C:\Program Files\MiKTeX 2.7\tex\latex\base\article.cls"
Document Class: article 2005/09/16 v1.4f Standard LaTeX document class
("C:\Program Files\MiKTeX 2.7\tex\latex\base\size12.clo"
File: size12.clo 2005/09/16 v1.4f Standard LaTeX file (size option)
)
\c@part=\count79
\c@section=\count80
\c@subsection=\count81
\c@subsubsection=\count82
\c@paragraph=\count83
\c@subparagraph=\count84
\c@figure=\count85
\c@table=\count86
\abovecaptionskip=\skip41
\belowcaptionskip=\skip42
\bibindent=\dimen102
)
("C:\Program Files\MiKTeX 2.7\tex\latex\srcltx\srcltx.sty"
Package: srcltx 2006/11/12 v1.6 Source specials for inverse search in DVI files


("C:\Program Files\MiKTeX 2.7\tex\latex\base\ifthen.sty"
Package: ifthen 2001/05/26 v1.1c Standard LaTeX ifthen package (DPC)
)
\src@lastline=\count87
\src@new@everypar=\toks14
\src@new@output=\toks15
)
("C:\Program Files\MiKTeX 2.7\tex\latex\amsmath\amsmath.sty"
Package: amsmath 2000/07/18 v2.13 AMS math features
\@mathmargin=\skip43

For additional information on amsmath, use the `?' option.
("C:\Program Files\MiKTeX 2.7\tex\latex\amsmath\amstext.sty"
Package: amstext 2000/06/29 v2.01

("C:\Program Files\MiKTeX 2.7\tex\latex\amsmath\amsgen.sty"
File: amsgen.sty 1999/11/30 v2.0
\@emptytoks=\toks16
\ex@=\dimen103
))
("C:\Program Files\MiKTeX 2.7\tex\latex\amsmath\amsbsy.sty"
Package: amsbsy 1999/11/29 v1.2d
\pmbraise@=\dimen104
)
("C:\Program Files\MiKTeX 2.7\tex\latex\amsmath\amsopn.sty"
Package: amsopn 1999/12/14 v2.01 operator names
)
\inf@bad=\count88
LaTeX Info: Redefining \frac on input line 211.
\uproot@=\count89
\leftroot@=\count90
LaTeX Info: Redefining \overline on input line 307.
\classnum@=\count91
\DOTSCASE@=\count92
LaTeX Info: Redefining \ldots on input line 379.
LaTeX Info: Redefining \dots on input line 382.
LaTeX Info: Redefining \cdots on input line 467.
\Mathstrutbox@=\box26
\strutbox@=\box27
\big@size=\dimen105
LaTeX Font Info:    Redeclaring font encoding OML on input line 567.
LaTeX Font Info:    Redeclaring font encoding OMS on input line 568.
\macc@depth=\count93
\c@MaxMatrixCols=\count94
\dotsspace@=\muskip10
\c@parentequation=\count95
\dspbrk@lvl=\count96
\tag@help=\toks17
\row@=\count97
\column@=\count98
\maxfields@=\count99
\andhelp@=\toks18
\eqnshift@=\dimen106
\alignsep@=\dimen107
\tagshift@=\dimen108
\tagwidth@=\dimen109
\totwidth@=\dimen110
\lineht@=\dimen111
\@envbody=\toks19
\multlinegap=\skip44
\multlinetaggap=\skip45
\mathdisplay@stack=\toks20
LaTeX Info: Redefining \[ on input line 2666.
LaTeX Info: Redefining \] on input line 2667.
)
("C:\Program Files\MiKTeX 2.7\tex\latex\amsfonts\amsfonts.sty"
Package: amsfonts 2001/10/25 v2.2f
\symAMSa=\mathgroup4
\symAMSb=\mathgroup5
LaTeX Font Info:    Overwriting math alphabet `\mathfrak' in version `bold'
(Font)                  U/euf/m/n --> U/euf/b/n on input line 132.
)
("C:\Program Files\MiKTeX 2.7\tex\latex\amsfonts\amssymb.sty"
Package: amssymb 2002/01/22 v2.2d
)
("C:\Program Files\MiKTeX 2.7\tex\latex\amscls\amsthm.sty"
Package: amsthm 2004/08/06 v2.20
\thm@style=\toks21
\thm@bodyfont=\toks22
\thm@headfont=\toks23
\thm@notefont=\toks24
\thm@headpunct=\toks25
\thm@preskip=\skip46
\thm@postskip=\skip47
\thm@headsep=\skip48
\dth@everypar=\toks26
)
("C:\Program Files\MiKTeX 2.7\tex\latex\easy\easybmat.sty"
Document Style `easybmat' v1.0 <2001/06/13>.
("C:\Program Files\MiKTeX 2.7\tex\latex\easy\easy.sty"
Document Style `easy' v1.1 <2001/05/31>.
Package: easy 2001/05/31 v1.1
\@easy@level=\count100
\@easy@ncol=\count101
\@easy@nrow=\count102
\@easy@cnt=\count103
\@easy@boxviii=\box28
\@easy@minxviii=\dimen112
\@easy@minyviii=\dimen113
\@easy@maxxviii=\dimen114
\@easy@maxyviii=\dimen115
\@easy@boxvii=\box29
\@easy@minxvii=\dimen116
\@easy@minyvii=\dimen117
\@easy@maxxvii=\dimen118
\@easy@maxyvii=\dimen119
\@easy@boxvi=\box30
\@easy@minxvi=\dimen120
\@easy@minyvi=\dimen121
\@easy@maxxvi=\dimen122
\@easy@maxyvi=\dimen123
\@easy@boxv=\box31
\@easy@minxv=\dimen124
\@easy@minyv=\dimen125
\@easy@maxxv=\dimen126
\@easy@maxyv=\dimen127
\@easy@boxiv=\box32
\@easy@minxiv=\dimen128
\@easy@minyiv=\dimen129
\@easy@maxxiv=\dimen130
\@easy@maxyiv=\dimen131
\@easy@boxiii=\box33
\@easy@minxiii=\dimen132
\@easy@minyiii=\dimen133
\@easy@maxxiii=\dimen134
\@easy@maxyiii=\dimen135
\@easy@boxii=\box34
\@easy@minxii=\dimen136
\@easy@minyii=\dimen137
\@easy@maxxii=\dimen138
\@easy@maxyii=\dimen139
\@easy@boxi=\box35
\@easy@minxi=\dimen140
\@easy@minyi=\dimen141
\@easy@maxxi=\dimen142
\@easy@maxyi=\dimen143
\@easy@hsizexxx=\dimen144
\@easy@vsizexxx=\dimen145
\@easy@hsizexxix=\dimen146
\@easy@vsizexxix=\dimen147
\@easy@hsizexxviii=\dimen148
\@easy@vsizexxviii=\dimen149
\@easy@hsizexxvii=\dimen150
\@easy@vsizexxvii=\dimen151
\@easy@hsizexxvi=\dimen152
\@easy@vsizexxvi=\dimen153
\@easy@hsizexxv=\dimen154
\@easy@vsizexxv=\dimen155
\@easy@hsizexxiv=\dimen156
\@easy@vsizexxiv=\dimen157
\@easy@hsizexxiii=\dimen158
\@easy@vsizexxiii=\dimen159
\@easy@hsizexxii=\dimen160
\@easy@vsizexxii=\dimen161
\@easy@hsizexxi=\dimen162
\@easy@vsizexxi=\dimen163
\@easy@hsizexx=\dimen164
\@easy@vsizexx=\dimen165
\@easy@hsizexix=\dimen166
\@easy@vsizexix=\dimen167
\@easy@hsizexviii=\dimen168
\@easy@vsizexviii=\dimen169
\@easy@hsizexvii=\dimen170
\@easy@vsizexvii=\dimen171
\@easy@hsizexvi=\dimen172
\@easy@vsizexvi=\dimen173
\@easy@hsizexv=\dimen174
\@easy@vsizexv=\dimen175
\@easy@hsizexiv=\dimen176
\@easy@vsizexiv=\dimen177
\@easy@hsizexiii=\dimen178
\@easy@vsizexiii=\dimen179
\@easy@hsizexii=\dimen180
\@easy@vsizexii=\dimen181
\@easy@hsizexi=\dimen182
\@easy@vsizexi=\dimen183
\@easy@hsizex=\dimen184
\@easy@vsizex=\dimen185
\@easy@hsizeix=\dimen186
\@easy@vsizeix=\dimen187
\@easy@hsizeviii=\dimen188
\@easy@vsizeviii=\dimen189
\@easy@hsizevii=\dimen190
\@easy@vsizevii=\dimen191
\@easy@hsizevi=\dimen192
\@easy@vsizevi=\dimen193
\@easy@hsizev=\dimen194
\@easy@vsizev=\dimen195
\@easy@hsizeiv=\dimen196
\@easy@vsizeiv=\dimen197
\@easy@hsizeiii=\dimen198
\@easy@vsizeiii=\dimen199
\@easy@hsizeii=\dimen200
\@easy@vsizeii=\dimen201
\@easy@hsizei=\dimen202
\@easy@vsizei=\dimen203
\@easy@dash@len=\dimen204
\@easy@dash@sep=\dimen205
)
Package: easybmat 2001/05/31 v1.1
\@bmat@size@rule=\dimen206
\@bmat@size@dash=\dimen207
) ("C:\Program Files\MiKTeX 2.7\tex\latex\graphics\graphicx.sty"
Package: graphicx 1999/02/16 v1.0f Enhanced LaTeX Graphics (DPC,SPQR)

("C:\Program Files\MiKTeX 2.7\tex\latex\graphics\keyval.sty"
Package: keyval 1999/03/16 v1.13 key=value parser (DPC)
\KV@toks@=\toks27
)
("C:\Program Files\MiKTeX 2.7\tex\latex\graphics\graphics.sty"
Package: graphics 2006/02/20 v1.0o Standard LaTeX Graphics (DPC,SPQR)

("C:\Program Files\MiKTeX 2.7\tex\latex\graphics\trig.sty"
Package: trig 1999/03/16 v1.09 sin cos tan (DPC)
)
("C:\Program Files\MiKTeX 2.7\tex\latex\00miktex\graphics.cfg"
File: graphics.cfg 2007/01/18 v1.5 graphics configuration of teTeX/TeXLive
)
Package graphics Info: Driver file: pdftex.def on input line 90.
Package srcltx Info: Expanded filename `pdftex.def' to `pdftex.def.tex' on inpu
t line 91.

:<+ pdftex.def.tex
("C:\Program Files\MiKTeX 2.7\tex\latex\graphics\pdftex.def"
File: pdftex.def 2007/06/12 v0.04h Graphics/color for pdfTeX
\Gread@gobject=\count104
)
:<-
)
\Gin@req@height=\dimen208
\Gin@req@width=\dimen209
) ("C:\Program Files\MiKTeX 2.7\tex\latex\subfigure\subfigure.sty"
Package: subfigure 2002/07/30 v2.1.4 subfigure package
\subfigtopskip=\skip49
\subfigcapskip=\skip50
\subfigcaptopadj=\dimen210
\subfigbottomskip=\skip51
\subfigcapmargin=\dimen211
\subfiglabelskip=\skip52
\c@subfigure=\count105
\c@lofdepth=\count106
\c@subtable=\count107
\c@lotdepth=\count108

****************************************
* Local config file subfigure.cfg used *
****************************************
("C:\Program Files\MiKTeX 2.7\tex\latex\subfigure\subfigure.cfg")
\subfig@top=\skip53
\subfig@bottom=\skip54
)
("C:\Program Files\MiKTeX 2.7\tex\latex\base\makeidx.sty"
Package: makeidx 2000/03/29 v1.0m Standard LaTeX package
)
\@indexfile=\write3

Writing index file math3820_w2008_assignment1.idx
\c@theorem=\count109
\c@cmpt_exercise=\count110
(math3820_w2008_assignment1.aux)
LaTeX Font Info:    Checking defaults for OML/cmm/m/it on input line 101.
LaTeX Font Info:    ... okay on input line 101.
LaTeX Font Info:    Checking defaults for T1/cmr/m/n on input line 101.
LaTeX Font Info:    ... okay on input line 101.
LaTeX Font Info:    Checking defaults for OT1/cmr/m/n on input line 101.
LaTeX Font Info:    ... okay on input line 101.
LaTeX Font Info:    Checking defaults for OMS/cmsy/m/n on input line 101.
LaTeX Font Info:    ... okay on input line 101.
LaTeX Font Info:    Checking defaults for OMX/cmex/m/n on input line 101.
LaTeX Font Info:    ... okay on input line 101.
LaTeX Font Info:    Checking defaults for U/cmr/m/n on input line 101.
LaTeX Font Info:    ... okay on input line 101.

("C:\Program Files\MiKTeX 2.7\tex\context\base\supp-pdf.tex"
[Loading MPS to PDF converter (version 2006.09.02).]
\scratchcounter=\count111
\scratchdimen=\dimen212
\scratchbox=\box36
\nofMPsegments=\count112
\nofMParguments=\count113
\MPscratchCnt=\count114
\MPscratchDim=\dimen213
\MPnumerator=\count115
\everyMPtoPDFconversion=\toks28
)
LaTeX Font Info:    Try loading font information for U+msa on input line 104.
 ("C:\Program Files\MiKTeX 2.7\tex\latex\amsfonts\umsa.fd"
File: umsa.fd 2002/01/19 v2.2g AMS font definitions
)
LaTeX Font Info:    Try loading font information for U+msb on input line 104.

("C:\Program Files\MiKTeX 2.7\tex\latex\amsfonts\umsb.fd"
File: umsb.fd 2002/01/19 v2.2g AMS font definitions
) [1

{C:/Documents and Settings/All Users/Application Data/MiKTeX/2.7/pdftex/config/
pdftex.map}]
(math3820_w2008_assignment1.aux) ) 
Here is how much of TeX's memory you used:
 2387 strings out of 95350
 27685 string characters out of 1184428
 77622 words of memory out of 1500000
 5561 multiletter control sequences out of 110000
 12453 words of font info for 48 fonts, out of 1200000 for 2000
 14 hyphenation exceptions out of 8191
 27i,6n,24p,381b,189s stack positions out of 5000i,500n,10000p,200000b,5000s
<C:/Program Files/MiKTeX 2.7/fonts/type1/blue
sky/cm/cmbx10.pfb><C:/Program Files/MiKTeX 2.7/fonts/type1/bluesky/cm/cmbx12.pf
b><C:/Program Files/MiKTeX 2.7/fonts/type1/bluesky/cm/cmmi12.pfb><C:/Program Fi
les/MiKTeX 2.7/fonts/type1/bluesky/cm/cmmi6.pfb><C:/Program Files/MiKTeX 2.7/fo
nts/type1/bluesky/cm/cmmi8.pfb><C:/Program Files/MiKTeX 2.7/fonts/type1/bluesky
/cm/cmr10.pfb><C:/Program Files/MiKTeX 2.7/fonts/type1/bluesky/cm/cmr12.pfb><C:
/Program Files/MiKTeX 2.7/fonts/type1/bluesky/cm/cmr17.pfb><C:/Program Files/Mi
KTeX 2.7/fonts/type1/bluesky/cm/cmr8.pfb><C:/Program Files/MiKTeX 2.7/fonts/typ
e1/bluesky/cm/cmsy8.pfb><C:/Program Files/MiKTeX 2.7/fonts/type1/bluesky/cm/cmt
i10.pfb>
Output written on math3820_w2008_assignment1.pdf (1 page, 55926 bytes).
PDF statistics:
 50 PDF objects out of 1000 (max. 8388607)
 0 named destinations out of 1000 (max. 131072)
 1 words of extra memory for PDF output out of 10000 (max. 10000000)

